Warnings in file C:\Users\cassi\Workspace\repostorage\toying_with_fpga\Game3\source\au_top.luc:
    Line 11, Column 4 : "io_dip" was never used
Warnings in file C:\Users\cassi\Workspace\repostorage\toying_with_fpga\Game3\source\game_CU.luc:
    Line 427, Column 19 : The signal "alu.out" is wider than "st_win.d" and the most significant bits will be dropped
    Line 26, Column 2 : "det_diceroll" was never used
    Line 43, Column 2 : "temp" was never used
    Line 97, Column 22 : The signal "diceroll.out" is wider than "det_diceroll.in" and the most significant bits will be dropped
    Line 243, Column 22 : The signal "alu.out" is wider than "st_p1curr.d" and the most significant bits will be dropped
    Line 265, Column 22 : The signal "alu.out" is wider than "st_p2curr.d" and the most significant bits will be dropped
    Line 287, Column 22 : The signal "alu.out" is wider than "st_p1curr.d" and the most significant bits will be dropped
    Line 309, Column 22 : The signal "alu.out" is wider than "st_p2curr.d" and the most significant bits will be dropped
    Line 333, Column 21 : The signal "alu.out" is wider than "st_p1acc.d" and the most significant bits will be dropped
    Line 339, Column 22 : The signal "alu2.out" is wider than "st_p1curr.d" and the most significant bits will be dropped
    Line 362, Column 21 : The signal "alu.out" is wider than "st_p2acc.d" and the most significant bits will be dropped
    Line 372, Column 22 : The signal "alu2.out" is wider than "st_p2curr.d" and the most significant bits will be dropped
    Line 398, Column 19 : The signal "alu.out" is wider than "st_win.d" and the most significant bits will be dropped
Warnings in file C:\Users\cassi\Workspace\repostorage\toying_with_fpga\Game3\source\dice.luc:
    Line 40, Column 12 : The signal "numhold.q" is wider than "out" and the most significant bits will be dropped
    Line 30, Column 20 : The signal "slowerclock.value" is wider than "edge_rng.in" and the most significant bits will be dropped
    Line 33, Column 21 : The signal "slowerclock.value" is wider than "edge_seed.in" and the most significant bits will be dropped
Starting Vivado...

****** Vivado v2021.2.1 (64-bit)
  **** SW Build 3414424 on Sun Dec 19 10:57:22 MST 2021
  **** IP Build 3405791 on Sun Dec 19 15:54:35 MST 2021
    ** Copyright 1986-2021 Xilinx, Inc. All Rights Reserved.

source {C:\Users\cassi\Workspace\repostorage\toying_with_fpga\Game3\work\project.tcl}
# set projDir "C:/Users/cassi/Workspace/repostorage/toying_with_fpga/Game3/work/vivado"
# set projName "Game3"
# set topName top
# set device xc7a35tftg256-1
# if {[file exists "$projDir/$projName"]} { file delete -force "$projDir/$projName" }
# create_project $projName "$projDir/$projName" -part $device
create_project: Time (s): cpu = 00:00:07 ; elapsed = 00:00:07 . Memory (MB): peak = 1243.773 ; gain = 6.512
# set_property design_mode RTL [get_filesets sources_1]
# set verilogSources [list "C:/Users/cassi/Workspace/repostorage/toying_with_fpga/Game3/work/verilog/au_top_0.v" "C:/Users/cassi/Workspace/repostorage/toying_with_fpga/Game3/work/verilog/reset_conditioner_1.v" "C:/Users/cassi/Workspace/repostorage/toying_with_fpga/Game3/work/verilog/game_CU_2.v" "C:/Users/cassi/Workspace/repostorage/toying_with_fpga/Game3/work/verilog/dice_seg_3.v" "C:/Users/cassi/Workspace/repostorage/toying_with_fpga/Game3/work/verilog/edge_detector_4.v" "C:/Users/cassi/Workspace/repostorage/toying_with_fpga/Game3/work/verilog/button_conditioner_5.v" "C:/Users/cassi/Workspace/repostorage/toying_with_fpga/Game3/work/verilog/alu_16_6.v" "C:/Users/cassi/Workspace/repostorage/toying_with_fpga/Game3/work/verilog/dice_7.v" "C:/Users/cassi/Workspace/repostorage/toying_with_fpga/Game3/work/verilog/pipeline_8.v" "C:/Users/cassi/Workspace/repostorage/toying_with_fpga/Game3/work/verilog/adder_16_9.v" "C:/Users/cassi/Workspace/repostorage/toying_with_fpga/Game3/work/verilog/boolean_16_10.v" "C:/Users/cassi/Workspace/repostorage/toying_with_fpga/Game3/work/verilog/shifter_16_11.v" "C:/Users/cassi/Workspace/repostorage/toying_with_fpga/Game3/work/verilog/compare_16_12.v" "C:/Users/cassi/Workspace/repostorage/toying_with_fpga/Game3/work/verilog/edge_detector_13.v" "C:/Users/cassi/Workspace/repostorage/toying_with_fpga/Game3/work/verilog/counter_14.v" "C:/Users/cassi/Workspace/repostorage/toying_with_fpga/Game3/work/verilog/pn_gen_15.v" ]
# import_files -fileset [get_filesets sources_1] -force -norecurse $verilogSources
# set xdcSources [list "C:/Users/cassi/Downloads/Apps/library/components/au.xdc" "C:/Users/cassi/Workspace/repostorage/toying_with_fpga/Game3/work/constraint/io.xdc" "C:/Users/cassi/Workspace/repostorage/toying_with_fpga/Game3/work/constraint/alchitry.xdc" ]
# read_xdc $xdcSources
# set_property STEPS.WRITE_BITSTREAM.ARGS.BIN_FILE true [get_runs impl_1]
# update_compile_order -fileset sources_1
# launch_runs -runs synth_1 -jobs 8
WARNING: [Vivado 12-7122] Auto Incremental Compile:: No reference checkpoint was found in run synth_1. Auto-incremental flow will not be run, the standard flow will be run instead.
[Fri Apr 15 20:08:56 2022] Launched synth_1...
Run output will be captured here: C:/Users/cassi/Workspace/repostorage/toying_with_fpga/Game3/work/vivado/Game3/Game3.runs/synth_1/runme.log
# wait_on_run synth_1
[Fri Apr 15 20:08:56 2022] Waiting for synth_1 to finish...


*** Running vivado
    with args -log au_top_0.vds -m64 -product Vivado -mode batch -messageDb vivado.pb -notrace -source au_top_0.tcl



****** Vivado v2021.2.1 (64-bit)
  **** SW Build 3414424 on Sun Dec 19 10:57:22 MST 2021
  **** IP Build 3405791 on Sun Dec 19 15:54:35 MST 2021
    ** Copyright 1986-2021 Xilinx, Inc. All Rights Reserved.

source au_top_0.tcl -notrace
create_project: Time (s): cpu = 00:00:06 ; elapsed = 00:00:05 . Memory (MB): peak = 1244.172 ; gain = 10.598
Command: synth_design -top au_top_0 -part xc7a35tftg256-1
Starting synth_design
Attempting to get a license for feature 'Synthesis' and/or device 'xc7a35t'
INFO: [Common 17-349] Got license for feature 'Synthesis' and/or device 'xc7a35t'
INFO: [Device 21-403] Loading part xc7a35tftg256-1
INFO: [Synth 8-7079] Multithreading enabled for synth_design using a maximum of 2 processes.
INFO: [Synth 8-7078] Launching helper process for spawning children vivado processes
INFO: [Synth 8-7075] Helper process launched with PID 1116
---------------------------------------------------------------------------------
Starting RTL Elaboration : Time (s): cpu = 00:00:09 ; elapsed = 00:00:10 . Memory (MB): peak = 1244.172 ; gain = 0.000
---------------------------------------------------------------------------------
INFO: [Synth 8-6157] synthesizing module 'au_top_0' [C:/Users/cassi/Workspace/repostorage/toying_with_fpga/Game3/work/vivado/Game3/Game3.srcs/sources_1/imports/verilog/au_top_0.v:7]
INFO: [Synth 8-6157] synthesizing module 'reset_conditioner_1' [C:/Users/cassi/Workspace/repostorage/toying_with_fpga/Game3/work/vivado/Game3/Game3.srcs/sources_1/imports/verilog/reset_conditioner_1.v:11]
INFO: [Synth 8-6155] done synthesizing module 'reset_conditioner_1' (1#1) [C:/Users/cassi/Workspace/repostorage/toying_with_fpga/Game3/work/vivado/Game3/Game3.srcs/sources_1/imports/verilog/reset_conditioner_1.v:11]
INFO: [Synth 8-6157] synthesizing module 'game_CU_2' [C:/Users/cassi/Workspace/repostorage/toying_with_fpga/Game3/work/vivado/Game3/Game3.srcs/sources_1/imports/verilog/game_CU_2.v:7]
INFO: [Synth 8-6157] synthesizing module 'edge_detector_4' [C:/Users/cassi/Workspace/repostorage/toying_with_fpga/Game3/work/vivado/Game3/Game3.srcs/sources_1/imports/verilog/edge_detector_4.v:12]
INFO: [Synth 8-6155] done synthesizing module 'edge_detector_4' (2#1) [C:/Users/cassi/Workspace/repostorage/toying_with_fpga/Game3/work/vivado/Game3/Game3.srcs/sources_1/imports/verilog/edge_detector_4.v:12]
INFO: [Synth 8-6157] synthesizing module 'button_conditioner_5' [C:/Users/cassi/Workspace/repostorage/toying_with_fpga/Game3/work/vivado/Game3/Game3.srcs/sources_1/imports/verilog/button_conditioner_5.v:13]
INFO: [Synth 8-6157] synthesizing module 'pipeline_8' [C:/Users/cassi/Workspace/repostorage/toying_with_fpga/Game3/work/vivado/Game3/Game3.srcs/sources_1/imports/verilog/pipeline_8.v:11]
INFO: [Synth 8-6155] done synthesizing module 'pipeline_8' (3#1) [C:/Users/cassi/Workspace/repostorage/toying_with_fpga/Game3/work/vivado/Game3/Game3.srcs/sources_1/imports/verilog/pipeline_8.v:11]
INFO: [Synth 8-6155] done synthesizing module 'button_conditioner_5' (4#1) [C:/Users/cassi/Workspace/repostorage/toying_with_fpga/Game3/work/vivado/Game3/Game3.srcs/sources_1/imports/verilog/button_conditioner_5.v:13]
INFO: [Synth 8-6157] synthesizing module 'alu_16_6' [C:/Users/cassi/Workspace/repostorage/toying_with_fpga/Game3/work/vivado/Game3/Game3.srcs/sources_1/imports/verilog/alu_16_6.v:7]
INFO: [Synth 8-6157] synthesizing module 'adder_16_9' [C:/Users/cassi/Workspace/repostorage/toying_with_fpga/Game3/work/vivado/Game3/Game3.srcs/sources_1/imports/verilog/adder_16_9.v:7]
INFO: [Synth 8-226] default block is never used [C:/Users/cassi/Workspace/repostorage/toying_with_fpga/Game3/work/vivado/Game3/Game3.srcs/sources_1/imports/verilog/adder_16_9.v:27]
INFO: [Synth 8-226] default block is never used [C:/Users/cassi/Workspace/repostorage/toying_with_fpga/Game3/work/vivado/Game3/Game3.srcs/sources_1/imports/verilog/adder_16_9.v:30]
INFO: [Synth 8-6155] done synthesizing module 'adder_16_9' (5#1) [C:/Users/cassi/Workspace/repostorage/toying_with_fpga/Game3/work/vivado/Game3/Game3.srcs/sources_1/imports/verilog/adder_16_9.v:7]
INFO: [Synth 8-6157] synthesizing module 'boolean_16_10' [C:/Users/cassi/Workspace/repostorage/toying_with_fpga/Game3/work/vivado/Game3/Game3.srcs/sources_1/imports/verilog/boolean_16_10.v:7]
INFO: [Synth 8-6155] done synthesizing module 'boolean_16_10' (6#1) [C:/Users/cassi/Workspace/repostorage/toying_with_fpga/Game3/work/vivado/Game3/Game3.srcs/sources_1/imports/verilog/boolean_16_10.v:7]
INFO: [Synth 8-6157] synthesizing module 'shifter_16_11' [C:/Users/cassi/Workspace/repostorage/toying_with_fpga/Game3/work/vivado/Game3/Game3.srcs/sources_1/imports/verilog/shifter_16_11.v:7]
INFO: [Synth 8-226] default block is never used [C:/Users/cassi/Workspace/repostorage/toying_with_fpga/Game3/work/vivado/Game3/Game3.srcs/sources_1/imports/verilog/shifter_16_11.v:18]
INFO: [Synth 8-6155] done synthesizing module 'shifter_16_11' (7#1) [C:/Users/cassi/Workspace/repostorage/toying_with_fpga/Game3/work/vivado/Game3/Game3.srcs/sources_1/imports/verilog/shifter_16_11.v:7]
INFO: [Synth 8-6157] synthesizing module 'compare_16_12' [C:/Users/cassi/Workspace/repostorage/toying_with_fpga/Game3/work/vivado/Game3/Game3.srcs/sources_1/imports/verilog/compare_16_12.v:7]
INFO: [Synth 8-6155] done synthesizing module 'compare_16_12' (8#1) [C:/Users/cassi/Workspace/repostorage/toying_with_fpga/Game3/work/vivado/Game3/Game3.srcs/sources_1/imports/verilog/compare_16_12.v:7]
INFO: [Synth 8-226] default block is never used [C:/Users/cassi/Workspace/repostorage/toying_with_fpga/Game3/work/vivado/Game3/Game3.srcs/sources_1/imports/verilog/alu_16_6.v:89]
INFO: [Synth 8-6155] done synthesizing module 'alu_16_6' (9#1) [C:/Users/cassi/Workspace/repostorage/toying_with_fpga/Game3/work/vivado/Game3/Game3.srcs/sources_1/imports/verilog/alu_16_6.v:7]
INFO: [Synth 8-6157] synthesizing module 'dice_7' [C:/Users/cassi/Workspace/repostorage/toying_with_fpga/Game3/work/vivado/Game3/Game3.srcs/sources_1/imports/verilog/dice_7.v:11]
INFO: [Synth 8-6157] synthesizing module 'edge_detector_13' [C:/Users/cassi/Workspace/repostorage/toying_with_fpga/Game3/work/vivado/Game3/Game3.srcs/sources_1/imports/verilog/edge_detector_13.v:12]
INFO: [Synth 8-6155] done synthesizing module 'edge_detector_13' (10#1) [C:/Users/cassi/Workspace/repostorage/toying_with_fpga/Game3/work/vivado/Game3/Game3.srcs/sources_1/imports/verilog/edge_detector_13.v:12]
INFO: [Synth 8-6157] synthesizing module 'counter_14' [C:/Users/cassi/Workspace/repostorage/toying_with_fpga/Game3/work/vivado/Game3/Game3.srcs/sources_1/imports/verilog/counter_14.v:14]
INFO: [Synth 8-6155] done synthesizing module 'counter_14' (11#1) [C:/Users/cassi/Workspace/repostorage/toying_with_fpga/Game3/work/vivado/Game3/Game3.srcs/sources_1/imports/verilog/counter_14.v:14]
INFO: [Synth 8-6157] synthesizing module 'pn_gen_15' [C:/Users/cassi/Workspace/repostorage/toying_with_fpga/Game3/work/vivado/Game3/Game3.srcs/sources_1/imports/verilog/pn_gen_15.v:11]
INFO: [Synth 8-6155] done synthesizing module 'pn_gen_15' (12#1) [C:/Users/cassi/Workspace/repostorage/toying_with_fpga/Game3/work/vivado/Game3/Game3.srcs/sources_1/imports/verilog/pn_gen_15.v:11]
WARNING: [Synth 8-3936] Found unconnected internal register 'M_numhold_q_reg' and it is trimmed from '5' to '3' bits. [C:/Users/cassi/Workspace/repostorage/toying_with_fpga/Game3/work/vivado/Game3/Game3.srcs/sources_1/imports/verilog/dice_7.v:71]
WARNING: [Synth 8-3936] Found unconnected internal register 'M_numhold_d_reg' and it is trimmed from '5' to '3' bits. [C:/Users/cassi/Workspace/repostorage/toying_with_fpga/Game3/work/vivado/Game3/Game3.srcs/sources_1/imports/verilog/dice_7.v:54]
INFO: [Synth 8-6155] done synthesizing module 'dice_7' (13#1) [C:/Users/cassi/Workspace/repostorage/toying_with_fpga/Game3/work/vivado/Game3/Game3.srcs/sources_1/imports/verilog/dice_7.v:11]
WARNING: [Synth 8-6014] Unused sequential element M_temp_q_reg was removed.  [C:/Users/cassi/Workspace/repostorage/toying_with_fpga/Game3/work/vivado/Game3/Game3.srcs/sources_1/imports/verilog/game_CU_2.v:471]
INFO: [Synth 8-6155] done synthesizing module 'game_CU_2' (14#1) [C:/Users/cassi/Workspace/repostorage/toying_with_fpga/Game3/work/vivado/Game3/Game3.srcs/sources_1/imports/verilog/game_CU_2.v:7]
INFO: [Synth 8-6157] synthesizing module 'dice_seg_3' [C:/Users/cassi/Workspace/repostorage/toying_with_fpga/Game3/work/vivado/Game3/Game3.srcs/sources_1/imports/verilog/dice_seg_3.v:7]
INFO: [Synth 8-6155] done synthesizing module 'dice_seg_3' (15#1) [C:/Users/cassi/Workspace/repostorage/toying_with_fpga/Game3/work/vivado/Game3/Game3.srcs/sources_1/imports/verilog/dice_seg_3.v:7]
INFO: [Synth 8-6155] done synthesizing module 'au_top_0' (16#1) [C:/Users/cassi/Workspace/repostorage/toying_with_fpga/Game3/work/vivado/Game3/Game3.srcs/sources_1/imports/verilog/au_top_0.v:7]
WARNING: [Synth 8-3917] design au_top_0 has port led[7] driven by constant 0
WARNING: [Synth 8-3917] design au_top_0 has port led[6] driven by constant 0
WARNING: [Synth 8-3917] design au_top_0 has port led[5] driven by constant 0
WARNING: [Synth 8-3917] design au_top_0 has port led[4] driven by constant 0
WARNING: [Synth 8-3917] design au_top_0 has port led[3] driven by constant 0
WARNING: [Synth 8-3917] design au_top_0 has port led[2] driven by constant 0
WARNING: [Synth 8-3917] design au_top_0 has port led[1] driven by constant 0
WARNING: [Synth 8-3917] design au_top_0 has port led[0] driven by constant 0
WARNING: [Synth 8-3917] design au_top_0 has port io_led[6] driven by constant 0
WARNING: [Synth 8-3917] design au_top_0 has port io_led[5] driven by constant 0
WARNING: [Synth 8-3917] design au_top_0 has port io_led[4] driven by constant 0
WARNING: [Synth 8-3917] design au_top_0 has port io_led[3] driven by constant 0
WARNING: [Synth 8-3917] design au_top_0 has port io_led[2] driven by constant 0
WARNING: [Synth 8-3917] design au_top_0 has port io_led[1] driven by constant 0
WARNING: [Synth 8-3917] design au_top_0 has port io_sel[3] driven by constant 1
WARNING: [Synth 8-3917] design au_top_0 has port io_sel[2] driven by constant 1
WARNING: [Synth 8-3917] design au_top_0 has port io_sel[1] driven by constant 1
WARNING: [Synth 8-3917] design au_top_0 has port io_sel[0] driven by constant 0
WARNING: [Synth 8-7129] Port alufn[5] in module compare_16_12 is either unconnected or has no load
WARNING: [Synth 8-7129] Port alufn[4] in module compare_16_12 is either unconnected or has no load
WARNING: [Synth 8-7129] Port alufn[3] in module compare_16_12 is either unconnected or has no load
WARNING: [Synth 8-7129] Port b[15] in module shifter_16_11 is either unconnected or has no load
WARNING: [Synth 8-7129] Port b[14] in module shifter_16_11 is either unconnected or has no load
WARNING: [Synth 8-7129] Port b[13] in module shifter_16_11 is either unconnected or has no load
WARNING: [Synth 8-7129] Port b[12] in module shifter_16_11 is either unconnected or has no load
WARNING: [Synth 8-7129] Port b[11] in module shifter_16_11 is either unconnected or has no load
WARNING: [Synth 8-7129] Port b[10] in module shifter_16_11 is either unconnected or has no load
WARNING: [Synth 8-7129] Port b[9] in module shifter_16_11 is either unconnected or has no load
WARNING: [Synth 8-7129] Port b[8] in module shifter_16_11 is either unconnected or has no load
WARNING: [Synth 8-7129] Port b[7] in module shifter_16_11 is either unconnected or has no load
WARNING: [Synth 8-7129] Port b[6] in module shifter_16_11 is either unconnected or has no load
WARNING: [Synth 8-7129] Port b[5] in module shifter_16_11 is either unconnected or has no load
WARNING: [Synth 8-7129] Port b[4] in module shifter_16_11 is either unconnected or has no load
WARNING: [Synth 8-7129] Port alufn[5] in module shifter_16_11 is either unconnected or has no load
WARNING: [Synth 8-7129] Port alufn[4] in module shifter_16_11 is either unconnected or has no load
WARNING: [Synth 8-7129] Port alufn[3] in module shifter_16_11 is either unconnected or has no load
WARNING: [Synth 8-7129] Port alufn[2] in module shifter_16_11 is either unconnected or has no load
WARNING: [Synth 8-7129] Port alufn[5] in module boolean_16_10 is either unconnected or has no load
WARNING: [Synth 8-7129] Port alufn[4] in module boolean_16_10 is either unconnected or has no load
WARNING: [Synth 8-7129] Port alufn[5] in module adder_16_9 is either unconnected or has no load
WARNING: [Synth 8-7129] Port alufn[4] in module adder_16_9 is either unconnected or has no load
WARNING: [Synth 8-7129] Port alufn[2] in module adder_16_9 is either unconnected or has no load
WARNING: [Synth 8-7129] Port alufn[1] in module adder_16_9 is either unconnected or has no load
WARNING: [Synth 8-7129] Port io_dip[23] in module au_top_0 is either unconnected or has no load
WARNING: [Synth 8-7129] Port io_dip[22] in module au_top_0 is either unconnected or has no load
WARNING: [Synth 8-7129] Port io_dip[21] in module au_top_0 is either unconnected or has no load
WARNING: [Synth 8-7129] Port io_dip[20] in module au_top_0 is either unconnected or has no load
WARNING: [Synth 8-7129] Port io_dip[19] in module au_top_0 is either unconnected or has no load
WARNING: [Synth 8-7129] Port io_dip[18] in module au_top_0 is either unconnected or has no load
WARNING: [Synth 8-7129] Port io_dip[17] in module au_top_0 is either unconnected or has no load
WARNING: [Synth 8-7129] Port io_dip[16] in module au_top_0 is either unconnected or has no load
WARNING: [Synth 8-7129] Port io_dip[15] in module au_top_0 is either unconnected or has no load
WARNING: [Synth 8-7129] Port io_dip[14] in module au_top_0 is either unconnected or has no load
WARNING: [Synth 8-7129] Port io_dip[13] in module au_top_0 is either unconnected or has no load
WARNING: [Synth 8-7129] Port io_dip[12] in module au_top_0 is either unconnected or has no load
WARNING: [Synth 8-7129] Port io_dip[11] in module au_top_0 is either unconnected or has no load
WARNING: [Synth 8-7129] Port io_dip[10] in module au_top_0 is either unconnected or has no load
WARNING: [Synth 8-7129] Port io_dip[9] in module au_top_0 is either unconnected or has no load
WARNING: [Synth 8-7129] Port io_dip[8] in module au_top_0 is either unconnected or has no load
WARNING: [Synth 8-7129] Port io_dip[7] in module au_top_0 is either unconnected or has no load
WARNING: [Synth 8-7129] Port io_dip[6] in module au_top_0 is either unconnected or has no load
WARNING: [Synth 8-7129] Port io_dip[5] in module au_top_0 is either unconnected or has no load
WARNING: [Synth 8-7129] Port io_dip[4] in module au_top_0 is either unconnected or has no load
WARNING: [Synth 8-7129] Port io_dip[3] in module au_top_0 is either unconnected or has no load
WARNING: [Synth 8-7129] Port io_dip[2] in module au_top_0 is either unconnected or has no load
WARNING: [Synth 8-7129] Port io_dip[1] in module au_top_0 is either unconnected or has no load
WARNING: [Synth 8-7129] Port io_dip[0] in module au_top_0 is either unconnected or has no load
---------------------------------------------------------------------------------
Finished RTL Elaboration : Time (s): cpu = 00:00:10 ; elapsed = 00:00:12 . Memory (MB): peak = 1244.172 ; gain = 0.000
---------------------------------------------------------------------------------
---------------------------------------------------------------------------------
Start Handling Custom Attributes
---------------------------------------------------------------------------------
---------------------------------------------------------------------------------
Finished Handling Custom Attributes : Time (s): cpu = 00:00:12 ; elapsed = 00:00:13 . Memory (MB): peak = 1244.172 ; gain = 0.000
---------------------------------------------------------------------------------
---------------------------------------------------------------------------------
Finished RTL Optimization Phase 1 : Time (s): cpu = 00:00:12 ; elapsed = 00:00:13 . Memory (MB): peak = 1244.172 ; gain = 0.000
---------------------------------------------------------------------------------
Netlist sorting complete. Time (s): cpu = 00:00:00 ; elapsed = 00:00:00.020 . Memory (MB): peak = 1244.172 ; gain = 0.000
INFO: [Project 1-570] Preparing netlist for logic optimization

Processing XDC Constraints
Initializing timing engine
Parsing XDC File [C:/Users/cassi/Downloads/Apps/library/components/au.xdc]
Finished Parsing XDC File [C:/Users/cassi/Downloads/Apps/library/components/au.xdc]
Parsing XDC File [C:/Users/cassi/Workspace/repostorage/toying_with_fpga/Game3/work/constraint/io.xdc]
Finished Parsing XDC File [C:/Users/cassi/Workspace/repostorage/toying_with_fpga/Game3/work/constraint/io.xdc]
INFO: [Project 1-236] Implementation specific constraints were found while reading constraint file [C:/Users/cassi/Workspace/repostorage/toying_with_fpga/Game3/work/constraint/io.xdc]. These constraints will be ignored for synthesis but will be used in implementation. Impacted constraints are listed in the file [.Xil/au_top_0_propImpl.xdc].
Resolution: To avoid this warning, move constraints listed in [.Xil/au_top_0_propImpl.xdc] to another XDC file and exclude this new file from synthesis with the used_in_synthesis property (File Properties dialog in GUI) and re-run elaboration/synthesis.
Parsing XDC File [C:/Users/cassi/Workspace/repostorage/toying_with_fpga/Game3/work/constraint/alchitry.xdc]
Finished Parsing XDC File [C:/Users/cassi/Workspace/repostorage/toying_with_fpga/Game3/work/constraint/alchitry.xdc]
INFO: [Project 1-236] Implementation specific constraints were found while reading constraint file [C:/Users/cassi/Workspace/repostorage/toying_with_fpga/Game3/work/constraint/alchitry.xdc]. These constraints will be ignored for synthesis but will be used in implementation. Impacted constraints are listed in the file [.Xil/au_top_0_propImpl.xdc].
Resolution: To avoid this warning, move constraints listed in [.Xil/au_top_0_propImpl.xdc] to another XDC file and exclude this new file from synthesis with the used_in_synthesis property (File Properties dialog in GUI) and re-run elaboration/synthesis.
Completed Processing XDC Constraints

Netlist sorting complete. Time (s): cpu = 00:00:00 ; elapsed = 00:00:00.001 . Memory (MB): peak = 1244.172 ; gain = 0.000
INFO: [Project 1-111] Unisim Transformation Summary:
No Unisim elements were transformed.

Constraint Validation Runtime : Time (s): cpu = 00:00:00 ; elapsed = 00:00:00.006 . Memory (MB): peak = 1244.172 ; gain = 0.000
---------------------------------------------------------------------------------
Finished Constraint Validation : Time (s): cpu = 00:00:23 ; elapsed = 00:00:24 . Memory (MB): peak = 1244.172 ; gain = 0.000
---------------------------------------------------------------------------------
---------------------------------------------------------------------------------
Start Loading Part and Timing Information
---------------------------------------------------------------------------------
Loading part: xc7a35tftg256-1
---------------------------------------------------------------------------------
Finished Loading Part and Timing Information : Time (s): cpu = 00:00:23 ; elapsed = 00:00:24 . Memory (MB): peak = 1244.172 ; gain = 0.000
---------------------------------------------------------------------------------
---------------------------------------------------------------------------------
Start Applying 'set_property' XDC Constraints
---------------------------------------------------------------------------------
---------------------------------------------------------------------------------
Finished applying 'set_property' XDC Constraints : Time (s): cpu = 00:00:23 ; elapsed = 00:00:24 . Memory (MB): peak = 1244.172 ; gain = 0.000
---------------------------------------------------------------------------------
INFO: [Synth 8-802] inferred FSM for state register 'M_game_q_reg' in module 'game_CU_2'
---------------------------------------------------------------------------------------------------
                   State |                     New Encoding |                Previous Encoding 
---------------------------------------------------------------------------------------------------
               IDLE_game |                  000000000000001 |                             0000
            P1_TURN_game |                  000000000000010 |                             0001
            P1_ROLL_game |                  000000000000100 |                             0010
       RESET_P1CURR_game |                  000000000001000 |                             0100
       UPDATEP1CURR_game |                  000000000010000 |                             0011
        UPDATEP1ACC_game |                  000000000100000 |                             0101
            CHKP150_game |                  000000001000000 |                             0110
            P2_TURN_game |                  000000010000000 |                             1000
            P2_ROLL_game |                  000000100000000 |                             1001
       RESET_P2CURR_game |                  000001000000000 |                             1011
       UPDATEP2CURR_game |                  000010000000000 |                             1010
        UPDATEP2ACC_game |                  000100000000000 |                             1100
            CHKP250_game |                  001000000000000 |                             1101
              P2WIN_game |                  010000000000000 |                             1110
              P1WIN_game |                  100000000000000 |                             0111
---------------------------------------------------------------------------------------------------
INFO: [Synth 8-3354] encoded FSM with state register 'M_game_q_reg' using encoding 'one-hot' in module 'game_CU_2'
---------------------------------------------------------------------------------
Finished RTL Optimization Phase 2 : Time (s): cpu = 00:00:24 ; elapsed = 00:00:25 . Memory (MB): peak = 1244.172 ; gain = 0.000
---------------------------------------------------------------------------------
INFO: [Synth 8-223] decloning instance 'game/diceroll/edge_rng' (edge_detector_13) to 'game/diceroll/edge_seed'
---------------------------------------------------------------------------------
Start RTL Component Statistics 
---------------------------------------------------------------------------------
Detailed RTL Component Info : 
+---Adders : 
	   3 Input   16 Bit       Adders := 2     
	   2 Input    3 Bit       Adders := 1     
	   2 Input    2 Bit       Adders := 1     
+---XORs : 
	   2 Input     32 Bit         XORs := 2     
	   4 Input     32 Bit         XORs := 1     
	   2 Input     16 Bit         XORs := 2     
	   2 Input      1 Bit         XORs := 4     
+---Registers : 
	               32 Bit    Registers := 4     
	                8 Bit    Registers := 4     
	                4 Bit    Registers := 1     
	                3 Bit    Registers := 2     
	                2 Bit    Registers := 5     
	                1 Bit    Registers := 8     
+---Muxes : 
	   2 Input   32 Bit        Muxes := 1     
	   2 Input   16 Bit        Muxes := 6     
	   4 Input   16 Bit        Muxes := 6     
	  15 Input   15 Bit        Muxes := 1     
	   2 Input   15 Bit        Muxes := 11    
	   3 Input   15 Bit        Muxes := 1     
	  15 Input    8 Bit        Muxes := 9     
	   8 Input    7 Bit        Muxes := 1     
	  15 Input    6 Bit        Muxes := 2     
	  15 Input    3 Bit        Muxes := 1     
	   4 Input    1 Bit        Muxes := 6     
	   2 Input    1 Bit        Muxes := 2     
	  15 Input    1 Bit        Muxes := 8     
---------------------------------------------------------------------------------
Finished RTL Component Statistics 
---------------------------------------------------------------------------------
---------------------------------------------------------------------------------
Start Part Resource Summary
---------------------------------------------------------------------------------
Part Resources:
DSPs: 90 (col length:60)
BRAMs: 100 (col length: RAMB18 60 RAMB36 30)
---------------------------------------------------------------------------------
Finished Part Resource Summary
---------------------------------------------------------------------------------
---------------------------------------------------------------------------------
Start Cross Boundary and Area Optimization
---------------------------------------------------------------------------------
WARNING: [Synth 8-7080] Parallel synthesis criteria is not met
DSP Report: Generating DSP adder/s0, operation Mode is: A*B.
DSP Report: operator adder/s0 is absorbed into DSP adder/s0.
DSP Report: Generating DSP adder/s0, operation Mode is: A*B.
DSP Report: operator adder/s0 is absorbed into DSP adder/s0.
WARNING: [Synth 8-3917] design au_top_0 has port led[7] driven by constant 0
WARNING: [Synth 8-3917] design au_top_0 has port led[6] driven by constant 0
WARNING: [Synth 8-3917] design au_top_0 has port led[5] driven by constant 0
WARNING: [Synth 8-3917] design au_top_0 has port led[4] driven by constant 0
WARNING: [Synth 8-3917] design au_top_0 has port led[3] driven by constant 0
WARNING: [Synth 8-3917] design au_top_0 has port led[2] driven by constant 0
WARNING: [Synth 8-3917] design au_top_0 has port led[1] driven by constant 0
WARNING: [Synth 8-3917] design au_top_0 has port led[0] driven by constant 0
WARNING: [Synth 8-3917] design au_top_0 has port io_led[6] driven by constant 0
WARNING: [Synth 8-3917] design au_top_0 has port io_led[5] driven by constant 0
WARNING: [Synth 8-3917] design au_top_0 has port io_led[4] driven by constant 0
WARNING: [Synth 8-3917] design au_top_0 has port io_led[3] driven by constant 0
WARNING: [Synth 8-3917] design au_top_0 has port io_led[2] driven by constant 0
WARNING: [Synth 8-3917] design au_top_0 has port io_led[1] driven by constant 0
WARNING: [Synth 8-3917] design au_top_0 has port io_seg[7] driven by constant 1
WARNING: [Synth 8-3917] design au_top_0 has port io_sel[3] driven by constant 1
WARNING: [Synth 8-3917] design au_top_0 has port io_sel[2] driven by constant 1
WARNING: [Synth 8-3917] design au_top_0 has port io_sel[1] driven by constant 1
WARNING: [Synth 8-3917] design au_top_0 has port io_sel[0] driven by constant 0
WARNING: [Synth 8-7129] Port rst_n in module au_top_0 is either unconnected or has no load
WARNING: [Synth 8-7129] Port io_dip[23] in module au_top_0 is either unconnected or has no load
WARNING: [Synth 8-7129] Port io_dip[22] in module au_top_0 is either unconnected or has no load
WARNING: [Synth 8-7129] Port io_dip[21] in module au_top_0 is either unconnected or has no load
WARNING: [Synth 8-7129] Port io_dip[20] in module au_top_0 is either unconnected or has no load
WARNING: [Synth 8-7129] Port io_dip[19] in module au_top_0 is either unconnected or has no load
WARNING: [Synth 8-7129] Port io_dip[18] in module au_top_0 is either unconnected or has no load
WARNING: [Synth 8-7129] Port io_dip[17] in module au_top_0 is either unconnected or has no load
WARNING: [Synth 8-7129] Port io_dip[16] in module au_top_0 is either unconnected or has no load
WARNING: [Synth 8-7129] Port io_dip[15] in module au_top_0 is either unconnected or has no load
WARNING: [Synth 8-7129] Port io_dip[14] in module au_top_0 is either unconnected or has no load
WARNING: [Synth 8-7129] Port io_dip[13] in module au_top_0 is either unconnected or has no load
WARNING: [Synth 8-7129] Port io_dip[12] in module au_top_0 is either unconnected or has no load
WARNING: [Synth 8-7129] Port io_dip[11] in module au_top_0 is either unconnected or has no load
WARNING: [Synth 8-7129] Port io_dip[10] in module au_top_0 is either unconnected or has no load
WARNING: [Synth 8-7129] Port io_dip[9] in module au_top_0 is either unconnected or has no load
WARNING: [Synth 8-7129] Port io_dip[8] in module au_top_0 is either unconnected or has no load
WARNING: [Synth 8-7129] Port io_dip[7] in module au_top_0 is either unconnected or has no load
WARNING: [Synth 8-7129] Port io_dip[6] in module au_top_0 is either unconnected or has no load
WARNING: [Synth 8-7129] Port io_dip[5] in module au_top_0 is either unconnected or has no load
WARNING: [Synth 8-7129] Port io_dip[4] in module au_top_0 is either unconnected or has no load
WARNING: [Synth 8-7129] Port io_dip[3] in module au_top_0 is either unconnected or has no load
WARNING: [Synth 8-7129] Port io_dip[2] in module au_top_0 is either unconnected or has no load
WARNING: [Synth 8-7129] Port io_dip[1] in module au_top_0 is either unconnected or has no load
WARNING: [Synth 8-7129] Port io_dip[0] in module au_top_0 is either unconnected or has no load
---------------------------------------------------------------------------------
Finished Cross Boundary and Area Optimization : Time (s): cpu = 00:00:31 ; elapsed = 00:00:33 . Memory (MB): peak = 1244.172 ; gain = 0.000
---------------------------------------------------------------------------------
---------------------------------------------------------------------------------
Start ROM, RAM, DSP, Shift Register and Retiming Reporting
---------------------------------------------------------------------------------

DSP: Preliminary Mapping Report (see note below. The ' indicates corresponding REG is set)
+------------+-------------+--------+--------+--------+--------+--------+------+------+------+------+-------+------+------+
|Module Name | DSP Mapping | A Size | B Size | C Size | D Size | P Size | AREG | BREG | CREG | DREG | ADREG | MREG | PREG | 
+------------+-------------+--------+--------+--------+--------+--------+------+------+------+------+-------+------+------+
|adder_16_9  | A*B         | 16     | 16     | -      | -      | 32     | 0    | 0    | -    | -    | -     | 0    | 0    | 
|adder_16_9  | A*B         | 16     | 16     | -      | -      | 32     | 0    | 0    | -    | -    | -     | 0    | 0    | 
+------------+-------------+--------+--------+--------+--------+--------+------+------+------+------+-------+------+------+

Note: The table above is a preliminary report that shows the DSPs inferred at the current stage of the synthesis flow. Some DSP may be reimplemented as non DSP primitives later in the synthesis flow. Multiple instantiated DSPs are reported only once.
---------------------------------------------------------------------------------
Finished ROM, RAM, DSP, Shift Register and Retiming Reporting
---------------------------------------------------------------------------------
---------------------------------------------------------------------------------
Start Applying XDC Timing Constraints
---------------------------------------------------------------------------------
---------------------------------------------------------------------------------
Finished Applying XDC Timing Constraints : Time (s): cpu = 00:00:45 ; elapsed = 00:00:47 . Memory (MB): peak = 1244.172 ; gain = 0.000
---------------------------------------------------------------------------------
---------------------------------------------------------------------------------
Start Timing Optimization
---------------------------------------------------------------------------------
---------------------------------------------------------------------------------
Finished Timing Optimization : Time (s): cpu = 00:00:47 ; elapsed = 00:00:49 . Memory (MB): peak = 1252.867 ; gain = 8.695
---------------------------------------------------------------------------------
---------------------------------------------------------------------------------
Start Technology Mapping
---------------------------------------------------------------------------------
---------------------------------------------------------------------------------
Finished Technology Mapping : Time (s): cpu = 00:00:47 ; elapsed = 00:00:49 . Memory (MB): peak = 1269.871 ; gain = 25.699
---------------------------------------------------------------------------------
---------------------------------------------------------------------------------
Start IO Insertion
---------------------------------------------------------------------------------
---------------------------------------------------------------------------------
Start Flattening Before IO Insertion
---------------------------------------------------------------------------------
---------------------------------------------------------------------------------
Finished Flattening Before IO Insertion
---------------------------------------------------------------------------------
---------------------------------------------------------------------------------
Start Final Netlist Cleanup
---------------------------------------------------------------------------------
---------------------------------------------------------------------------------
Finished Final Netlist Cleanup
---------------------------------------------------------------------------------
---------------------------------------------------------------------------------
Finished IO Insertion : Time (s): cpu = 00:00:55 ; elapsed = 00:00:57 . Memory (MB): peak = 1269.871 ; gain = 25.699
---------------------------------------------------------------------------------
---------------------------------------------------------------------------------
Start Renaming Generated Instances
---------------------------------------------------------------------------------
---------------------------------------------------------------------------------
Finished Renaming Generated Instances : Time (s): cpu = 00:00:55 ; elapsed = 00:00:57 . Memory (MB): peak = 1269.871 ; gain = 25.699
---------------------------------------------------------------------------------
---------------------------------------------------------------------------------
Start Rebuilding User Hierarchy
---------------------------------------------------------------------------------
---------------------------------------------------------------------------------
Finished Rebuilding User Hierarchy : Time (s): cpu = 00:00:55 ; elapsed = 00:00:57 . Memory (MB): peak = 1269.871 ; gain = 25.699
---------------------------------------------------------------------------------
---------------------------------------------------------------------------------
Start Renaming Generated Ports
---------------------------------------------------------------------------------
---------------------------------------------------------------------------------
Finished Renaming Generated Ports : Time (s): cpu = 00:00:55 ; elapsed = 00:00:57 . Memory (MB): peak = 1269.871 ; gain = 25.699
---------------------------------------------------------------------------------
---------------------------------------------------------------------------------
Start Handling Custom Attributes
---------------------------------------------------------------------------------
---------------------------------------------------------------------------------
Finished Handling Custom Attributes : Time (s): cpu = 00:00:55 ; elapsed = 00:00:57 . Memory (MB): peak = 1269.871 ; gain = 25.699
---------------------------------------------------------------------------------
---------------------------------------------------------------------------------
Start Renaming Generated Nets
---------------------------------------------------------------------------------
---------------------------------------------------------------------------------
Finished Renaming Generated Nets : Time (s): cpu = 00:00:55 ; elapsed = 00:00:57 . Memory (MB): peak = 1269.871 ; gain = 25.699
---------------------------------------------------------------------------------
---------------------------------------------------------------------------------
Start Writing Synthesis Report
---------------------------------------------------------------------------------

Report BlackBoxes: 
+-+--------------+----------+
| |BlackBox name |Instances |
+-+--------------+----------+
+-+--------------+----------+

Report Cell Usage: 
+------+--------+------+
|      |Cell    |Count |
+------+--------+------+
|1     |BUFG    |     1|
|2     |CARRY4  |    31|
|3     |DSP48E1 |     2|
|4     |LUT1    |    13|
|5     |LUT2    |    35|
|6     |LUT3    |    25|
|7     |LUT4    |    62|
|8     |LUT5    |    44|
|9     |LUT6    |    67|
|10    |FDRE    |   250|
|11    |FDSE    |    53|
|12    |IBUF    |     7|
|13    |OBUF    |    45|
+------+--------+------+
---------------------------------------------------------------------------------
Finished Writing Synthesis Report : Time (s): cpu = 00:00:55 ; elapsed = 00:00:57 . Memory (MB): peak = 1269.871 ; gain = 25.699
---------------------------------------------------------------------------------
Synthesis finished with 0 errors, 0 critical warnings and 45 warnings.
Synthesis Optimization Runtime : Time (s): cpu = 00:00:40 ; elapsed = 00:00:54 . Memory (MB): peak = 1269.871 ; gain = 25.699
Synthesis Optimization Complete : Time (s): cpu = 00:00:55 ; elapsed = 00:00:58 . Memory (MB): peak = 1269.871 ; gain = 25.699
INFO: [Project 1-571] Translating synthesized netlist
Netlist sorting complete. Time (s): cpu = 00:00:00 ; elapsed = 00:00:00.014 . Memory (MB): peak = 1276.660 ; gain = 0.000
INFO: [Netlist 29-17] Analyzing 33 Unisim elements for replacement
INFO: [Netlist 29-28] Unisim Transformation completed in 0 CPU seconds
INFO: [Project 1-570] Preparing netlist for logic optimization
INFO: [Opt 31-138] Pushed 0 inverter(s) to 0 load pin(s).
Netlist sorting complete. Time (s): cpu = 00:00:00 ; elapsed = 00:00:00 . Memory (MB): peak = 1281.352 ; gain = 0.000
INFO: [Project 1-111] Unisim Transformation Summary:
No Unisim elements were transformed.

Synth Design complete, checksum: bc3ca79b
INFO: [Common 17-83] Releasing license: Synthesis
55 Infos, 115 Warnings, 0 Critical Warnings and 0 Errors encountered.
synth_design completed successfully
synth_design: Time (s): cpu = 00:01:02 ; elapsed = 00:01:05 . Memory (MB): peak = 1281.352 ; gain = 37.180
INFO: [Common 17-1381] The checkpoint 'C:/Users/cassi/Workspace/repostorage/toying_with_fpga/Game3/work/vivado/Game3/Game3.runs/synth_1/au_top_0.dcp' has been generated.
INFO: [runtcl-4] Executing : report_utilization -file au_top_0_utilization_synth.rpt -pb au_top_0_utilization_synth.pb
INFO: [Common 17-206] Exiting Vivado at Fri Apr 15 20:10:12 2022...
[Fri Apr 15 20:10:16 2022] synth_1 finished
wait_on_runs: Time (s): cpu = 00:00:00 ; elapsed = 00:01:20 . Memory (MB): peak = 1243.773 ; gain = 0.000
# launch_runs impl_1 -to_step write_bitstream -jobs 8
[Fri Apr 15 20:10:16 2022] Launched impl_1...
Run output will be captured here: C:/Users/cassi/Workspace/repostorage/toying_with_fpga/Game3/work/vivado/Game3/Game3.runs/impl_1/runme.log
# wait_on_run impl_1
[Fri Apr 15 20:10:16 2022] Waiting for impl_1 to finish...


*** Running vivado
    with args -log au_top_0.vdi -applog -m64 -product Vivado -messageDb vivado.pb -mode batch -source au_top_0.tcl -notrace



****** Vivado v2021.2.1 (64-bit)
  **** SW Build 3414424 on Sun Dec 19 10:57:22 MST 2021
  **** IP Build 3405791 on Sun Dec 19 15:54:35 MST 2021
    ** Copyright 1986-2021 Xilinx, Inc. All Rights Reserved.

source au_top_0.tcl -notrace
Command: link_design -top au_top_0 -part xc7a35tftg256-1
Design is defaulting to srcset: sources_1
Design is defaulting to constrset: constrs_1
INFO: [Device 21-403] Loading part xc7a35tftg256-1
Netlist sorting complete. Time (s): cpu = 00:00:00 ; elapsed = 00:00:00.008 . Memory (MB): peak = 1243.762 ; gain = 0.000
INFO: [Netlist 29-17] Analyzing 33 Unisim elements for replacement
INFO: [Netlist 29-28] Unisim Transformation completed in 0 CPU seconds
INFO: [Project 1-479] Netlist was created with Vivado 2021.2.1
INFO: [Project 1-570] Preparing netlist for logic optimization
Parsing XDC File [C:/Users/cassi/Downloads/Apps/library/components/au.xdc]
Finished Parsing XDC File [C:/Users/cassi/Downloads/Apps/library/components/au.xdc]
Parsing XDC File [C:/Users/cassi/Workspace/repostorage/toying_with_fpga/Game3/work/constraint/io.xdc]
Finished Parsing XDC File [C:/Users/cassi/Workspace/repostorage/toying_with_fpga/Game3/work/constraint/io.xdc]
Parsing XDC File [C:/Users/cassi/Workspace/repostorage/toying_with_fpga/Game3/work/constraint/alchitry.xdc]
Finished Parsing XDC File [C:/Users/cassi/Workspace/repostorage/toying_with_fpga/Game3/work/constraint/alchitry.xdc]
INFO: [Opt 31-138] Pushed 0 inverter(s) to 0 load pin(s).
Netlist sorting complete. Time (s): cpu = 00:00:00 ; elapsed = 00:00:00 . Memory (MB): peak = 1243.762 ; gain = 0.000
INFO: [Project 1-111] Unisim Transformation Summary:
No Unisim elements were transformed.

7 Infos, 0 Warnings, 0 Critical Warnings and 0 Errors encountered.
link_design completed successfully
link_design: Time (s): cpu = 00:00:07 ; elapsed = 00:00:08 . Memory (MB): peak = 1243.762 ; gain = 0.000
Command: opt_design
Attempting to get a license for feature 'Implementation' and/or device 'xc7a35t'
INFO: [Common 17-349] Got license for feature 'Implementation' and/or device 'xc7a35t'
Running DRC as a precondition to command opt_design

Starting DRC Task
INFO: [DRC 23-27] Running DRC with 2 threads
INFO: [Project 1-461] DRC finished with 0 Errors
INFO: [Project 1-462] Please refer to the DRC report (report_drc) for more information.

Time (s): cpu = 00:00:03 ; elapsed = 00:00:02 . Memory (MB): peak = 1243.762 ; gain = 0.000

Starting Cache Timing Information Task
INFO: [Timing 38-35] Done setting XDC timing constraints.
Ending Cache Timing Information Task | Checksum: 243c5f0ff

Time (s): cpu = 00:00:11 ; elapsed = 00:00:12 . Memory (MB): peak = 1331.340 ; gain = 87.578

Starting Logic Optimization Task

Phase 1 Retarget
INFO: [Opt 31-138] Pushed 0 inverter(s) to 0 load pin(s).
INFO: [Opt 31-49] Retargeted 0 cell(s).
Phase 1 Retarget | Checksum: 243c5f0ff

Time (s): cpu = 00:00:00 ; elapsed = 00:00:00.054 . Memory (MB): peak = 1632.484 ; gain = 0.000
INFO: [Opt 31-389] Phase Retarget created 0 cells and removed 0 cells

Phase 2 Constant propagation
INFO: [Opt 31-138] Pushed 0 inverter(s) to 0 load pin(s).
Phase 2 Constant propagation | Checksum: 243c5f0ff

Time (s): cpu = 00:00:00 ; elapsed = 00:00:00.064 . Memory (MB): peak = 1632.484 ; gain = 0.000
INFO: [Opt 31-389] Phase Constant propagation created 0 cells and removed 0 cells

Phase 3 Sweep
Phase 3 Sweep | Checksum: 227f47af2

Time (s): cpu = 00:00:00 ; elapsed = 00:00:00.088 . Memory (MB): peak = 1632.484 ; gain = 0.000
INFO: [Opt 31-389] Phase Sweep created 0 cells and removed 0 cells

Phase 4 BUFG optimization
Phase 4 BUFG optimization | Checksum: 227f47af2

Time (s): cpu = 00:00:00 ; elapsed = 00:00:00.111 . Memory (MB): peak = 1632.484 ; gain = 0.000
INFO: [Opt 31-662] Phase BUFG optimization created 0 cells of which 0 are BUFGs and removed 0 cells.

Phase 5 Shift Register Optimization
INFO: [Opt 31-1064] SRL Remap converted 0 SRLs to 0 registers and converted 0 registers of register chains to 0 SRLs
Phase 5 Shift Register Optimization | Checksum: 227f47af2

Time (s): cpu = 00:00:00 ; elapsed = 00:00:00.114 . Memory (MB): peak = 1632.484 ; gain = 0.000
INFO: [Opt 31-389] Phase Shift Register Optimization created 0 cells and removed 0 cells

Phase 6 Post Processing Netlist
Phase 6 Post Processing Netlist | Checksum: 227f47af2

Time (s): cpu = 00:00:00 ; elapsed = 00:00:00.119 . Memory (MB): peak = 1632.484 ; gain = 0.000
INFO: [Opt 31-389] Phase Post Processing Netlist created 0 cells and removed 0 cells
Opt_design Change Summary
=========================


-------------------------------------------------------------------------------------------------------------------------
|  Phase                        |  #Cells created  |  #Cells Removed  |  #Constrained objects preventing optimizations  |
-------------------------------------------------------------------------------------------------------------------------
|  Retarget                     |               0  |               0  |                                              0  |
|  Constant propagation         |               0  |               0  |                                              0  |
|  Sweep                        |               0  |               0  |                                              0  |
|  BUFG optimization            |               0  |               0  |                                              0  |
|  Shift Register Optimization  |               0  |               0  |                                              0  |
|  Post Processing Netlist      |               0  |               0  |                                              0  |
-------------------------------------------------------------------------------------------------------------------------



Starting Connectivity Check Task

Time (s): cpu = 00:00:00 ; elapsed = 00:00:00.002 . Memory (MB): peak = 1632.484 ; gain = 0.000
Ending Logic Optimization Task | Checksum: 1dc3a66ca

Time (s): cpu = 00:00:00 ; elapsed = 00:00:00.157 . Memory (MB): peak = 1632.484 ; gain = 0.000

Starting Power Optimization Task
INFO: [Pwropt 34-132] Skipping clock gating for clocks with a period < 2.00 ns.
Ending Power Optimization Task | Checksum: 1dc3a66ca

Time (s): cpu = 00:00:00 ; elapsed = 00:00:00.013 . Memory (MB): peak = 1632.484 ; gain = 0.000

Starting Final Cleanup Task
Ending Final Cleanup Task | Checksum: 1dc3a66ca

Time (s): cpu = 00:00:00 ; elapsed = 00:00:00.001 . Memory (MB): peak = 1632.484 ; gain = 0.000

Starting Netlist Obfuscation Task
Netlist sorting complete. Time (s): cpu = 00:00:00 ; elapsed = 00:00:00.001 . Memory (MB): peak = 1632.484 ; gain = 0.000
Ending Netlist Obfuscation Task | Checksum: 1dc3a66ca

Time (s): cpu = 00:00:00 ; elapsed = 00:00:00.001 . Memory (MB): peak = 1632.484 ; gain = 0.000
INFO: [Common 17-83] Releasing license: Implementation
24 Infos, 0 Warnings, 0 Critical Warnings and 0 Errors encountered.
opt_design completed successfully
opt_design: Time (s): cpu = 00:00:19 ; elapsed = 00:00:19 . Memory (MB): peak = 1632.484 ; gain = 388.723
INFO: [Timing 38-480] Writing timing data to binary archive.
Writing placer database...
Writing XDEF routing.
Writing XDEF routing logical nets.
Writing XDEF routing special nets.
Write XDEF Complete: Time (s): cpu = 00:00:00 ; elapsed = 00:00:00.091 . Memory (MB): peak = 1632.484 ; gain = 0.000
INFO: [Common 17-1381] The checkpoint 'C:/Users/cassi/Workspace/repostorage/toying_with_fpga/Game3/work/vivado/Game3/Game3.runs/impl_1/au_top_0_opt.dcp' has been generated.
INFO: [runtcl-4] Executing : report_drc -file au_top_0_drc_opted.rpt -pb au_top_0_drc_opted.pb -rpx au_top_0_drc_opted.rpx
Command: report_drc -file au_top_0_drc_opted.rpt -pb au_top_0_drc_opted.pb -rpx au_top_0_drc_opted.rpx
INFO: [IP_Flow 19-234] Refreshing IP repositories
INFO: [IP_Flow 19-1704] No user IP repositories specified
INFO: [IP_Flow 19-2313] Loaded Vivado IP repository 'C:/Users/cassi/Downloads/Apps/Vivado/2021.2/data/ip'.
INFO: [Timing 38-35] Done setting XDC timing constraints.
INFO: [DRC 23-27] Running DRC with 2 threads
INFO: [Vivado_Tcl 2-168] The results of DRC are in file C:/Users/cassi/Workspace/repostorage/toying_with_fpga/Game3/work/vivado/Game3/Game3.runs/impl_1/au_top_0_drc_opted.rpt.
report_drc completed successfully
Command: place_design
Attempting to get a license for feature 'Implementation' and/or device 'xc7a35t'
INFO: [Common 17-349] Got license for feature 'Implementation' and/or device 'xc7a35t'
INFO: [DRC 23-27] Running DRC with 2 threads
INFO: [Vivado_Tcl 4-198] DRC finished with 0 Errors
INFO: [Vivado_Tcl 4-199] Please refer to the DRC report (report_drc) for more information.
Running DRC as a precondition to command place_design
INFO: [DRC 23-27] Running DRC with 2 threads
INFO: [Vivado_Tcl 4-198] DRC finished with 0 Errors
INFO: [Vivado_Tcl 4-199] Please refer to the DRC report (report_drc) for more information.

Starting Placer Task
INFO: [Place 30-611] Multithreading enabled for place_design using a maximum of 2 CPUs

Phase 1 Placer Initialization

Phase 1.1 Placer Initialization Netlist Sorting
Netlist sorting complete. Time (s): cpu = 00:00:00 ; elapsed = 00:00:00 . Memory (MB): peak = 1672.602 ; gain = 0.000
Phase 1.1 Placer Initialization Netlist Sorting | Checksum: 10e7e541a

Time (s): cpu = 00:00:00 ; elapsed = 00:00:00.008 . Memory (MB): peak = 1672.602 ; gain = 0.000
Netlist sorting complete. Time (s): cpu = 00:00:00 ; elapsed = 00:00:00 . Memory (MB): peak = 1672.602 ; gain = 0.000

Phase 1.2 IO Placement/ Clock Placement/ Build Placer Device
Phase 1.2 IO Placement/ Clock Placement/ Build Placer Device | Checksum: 12049f6e4

Time (s): cpu = 00:00:01 ; elapsed = 00:00:00.396 . Memory (MB): peak = 1672.602 ; gain = 0.000

Phase 1.3 Build Placer Netlist Model
Phase 1.3 Build Placer Netlist Model | Checksum: 216c2afa9

Time (s): cpu = 00:00:01 ; elapsed = 00:00:00.640 . Memory (MB): peak = 1672.602 ; gain = 0.000

Phase 1.4 Constrain Clocks/Macros
Phase 1.4 Constrain Clocks/Macros | Checksum: 216c2afa9

Time (s): cpu = 00:00:01 ; elapsed = 00:00:00.644 . Memory (MB): peak = 1672.602 ; gain = 0.000
Phase 1 Placer Initialization | Checksum: 216c2afa9

Time (s): cpu = 00:00:01 ; elapsed = 00:00:00.649 . Memory (MB): peak = 1672.602 ; gain = 0.000

Phase 2 Global Placement

Phase 2.1 Floorplanning
Phase 2.1 Floorplanning | Checksum: 1568cfd8b

Time (s): cpu = 00:00:01 ; elapsed = 00:00:00.847 . Memory (MB): peak = 1672.602 ; gain = 0.000

Phase 2.2 Update Timing before SLR Path Opt
Phase 2.2 Update Timing before SLR Path Opt | Checksum: 1e828ae18

Time (s): cpu = 00:00:01 ; elapsed = 00:00:00.943 . Memory (MB): peak = 1672.602 ; gain = 0.000

Phase 2.3 Post-Processing in Floorplanning
Phase 2.3 Post-Processing in Floorplanning | Checksum: 1e828ae18

Time (s): cpu = 00:00:01 ; elapsed = 00:00:00.945 . Memory (MB): peak = 1672.602 ; gain = 0.000

Phase 2.4 Global Placement Core

Phase 2.4.1 Physical Synthesis In Placer
INFO: [Physopt 32-1035] Found 3 LUTNM shape to break, 32 LUT instances to create LUTNM shape
INFO: [Physopt 32-1044] Break lutnm for timing: one critical 3, two critical 0, total 3, new lutff created 0
INFO: [Physopt 32-1138] End 1 Pass. Optimized 11 nets or LUTs. Breaked 3 LUTs, combined 8 existing LUTs and moved 0 existing LUT
INFO: [Physopt 32-65] No nets found for high-fanout optimization.
INFO: [Physopt 32-232] Optimized 0 net. Created 0 new instance.
INFO: [Physopt 32-775] End 1 Pass. Optimized 0 net or cell. Created 0 new cell, deleted 0 existing cell and moved 0 existing cell
INFO: [Physopt 32-456] No candidate cells for DSP register optimization found in the design.
INFO: [Physopt 32-775] End 2 Pass. Optimized 0 net or cell. Created 0 new cell, deleted 0 existing cell and moved 0 existing cell
INFO: [Physopt 32-1123] No candidate cells found for Shift Register to Pipeline optimization
INFO: [Physopt 32-775] End 1 Pass. Optimized 0 net or cell. Created 0 new cell, deleted 0 existing cell and moved 0 existing cell
INFO: [Physopt 32-677] No candidate cells for Shift Register optimization found in the design
INFO: [Physopt 32-775] End 1 Pass. Optimized 0 net or cell. Created 0 new cell, deleted 0 existing cell and moved 0 existing cell
INFO: [Physopt 32-526] No candidate cells for BRAM register optimization found in the design
INFO: [Physopt 32-775] End 1 Pass. Optimized 0 net or cell. Created 0 new cell, deleted 0 existing cell and moved 0 existing cell
INFO: [Physopt 32-846] No candidate cells for URAM register optimization found in the design
INFO: [Physopt 32-775] End 2 Pass. Optimized 0 net or cell. Created 0 new cell, deleted 0 existing cell and moved 0 existing cell
INFO: [Physopt 32-949] No candidate nets found for dynamic/static region interface net replication
INFO: [Physopt 32-775] End 1 Pass. Optimized 0 net or cell. Created 0 new cell, deleted 0 existing cell and moved 0 existing cell
Netlist sorting complete. Time (s): cpu = 00:00:00 ; elapsed = 00:00:00.001 . Memory (MB): peak = 1672.602 ; gain = 0.000

Summary of Physical Synthesis Optimizations
============================================


-----------------------------------------------------------------------------------------------------------------------------------------------------------
|  Optimization                                     |  Added Cells  |  Removed Cells  |  Optimized Cells/Nets  |  Dont Touch  |  Iterations  |  Elapsed   |
-----------------------------------------------------------------------------------------------------------------------------------------------------------
|  LUT Combining                                    |            3  |              8  |                    11  |           0  |           1  |  00:00:00  |
|  Retime                                           |            0  |              0  |                     0  |           0  |           1  |  00:00:00  |
|  Very High Fanout                                 |            0  |              0  |                     0  |           0  |           1  |  00:00:00  |
|  DSP Register                                     |            0  |              0  |                     0  |           0  |           1  |  00:00:00  |
|  Shift Register to Pipeline                       |            0  |              0  |                     0  |           0  |           1  |  00:00:00  |
|  Shift Register                                   |            0  |              0  |                     0  |           0  |           1  |  00:00:00  |
|  BRAM Register                                    |            0  |              0  |                     0  |           0  |           1  |  00:00:00  |
|  URAM Register                                    |            0  |              0  |                     0  |           0  |           1  |  00:00:00  |
|  Dynamic/Static Region Interface Net Replication  |            0  |              0  |                     0  |           0  |           1  |  00:00:00  |
|  Total                                            |            3  |              8  |                    11  |           0  |           9  |  00:00:00  |
-----------------------------------------------------------------------------------------------------------------------------------------------------------


Phase 2.4.1 Physical Synthesis In Placer | Checksum: 1912011d2

Time (s): cpu = 00:00:09 ; elapsed = 00:00:05 . Memory (MB): peak = 1672.602 ; gain = 0.000
Phase 2.4 Global Placement Core | Checksum: 19f94c01b

Time (s): cpu = 00:00:09 ; elapsed = 00:00:05 . Memory (MB): peak = 1672.602 ; gain = 0.000
Phase 2 Global Placement | Checksum: 19f94c01b

Time (s): cpu = 00:00:09 ; elapsed = 00:00:05 . Memory (MB): peak = 1672.602 ; gain = 0.000

Phase 3 Detail Placement

Phase 3.1 Commit Multi Column Macros
Phase 3.1 Commit Multi Column Macros | Checksum: 18bc7d89e

Time (s): cpu = 00:00:09 ; elapsed = 00:00:05 . Memory (MB): peak = 1672.602 ; gain = 0.000

Phase 3.2 Commit Most Macros & LUTRAMs
Phase 3.2 Commit Most Macros & LUTRAMs | Checksum: 20c18e5dd

Time (s): cpu = 00:00:10 ; elapsed = 00:00:06 . Memory (MB): peak = 1672.602 ; gain = 0.000

Phase 3.3 Area Swap Optimization
Phase 3.3 Area Swap Optimization | Checksum: 1de1542ef

Time (s): cpu = 00:00:10 ; elapsed = 00:00:06 . Memory (MB): peak = 1672.602 ; gain = 0.000

Phase 3.4 Pipeline Register Optimization
Phase 3.4 Pipeline Register Optimization | Checksum: 296dae81e

Time (s): cpu = 00:00:10 ; elapsed = 00:00:06 . Memory (MB): peak = 1672.602 ; gain = 0.000

Phase 3.5 Small Shape Detail Placement
Phase 3.5 Small Shape Detail Placement | Checksum: 25f8079fb

Time (s): cpu = 00:00:10 ; elapsed = 00:00:06 . Memory (MB): peak = 1672.602 ; gain = 0.000

Phase 3.6 Re-assign LUT pins
Phase 3.6 Re-assign LUT pins | Checksum: 230d7255c

Time (s): cpu = 00:00:10 ; elapsed = 00:00:06 . Memory (MB): peak = 1672.602 ; gain = 0.000

Phase 3.7 Pipeline Register Optimization
Phase 3.7 Pipeline Register Optimization | Checksum: 1f960ce2d

Time (s): cpu = 00:00:10 ; elapsed = 00:00:06 . Memory (MB): peak = 1672.602 ; gain = 0.000
Phase 3 Detail Placement | Checksum: 1f960ce2d

Time (s): cpu = 00:00:10 ; elapsed = 00:00:06 . Memory (MB): peak = 1672.602 ; gain = 0.000

Phase 4 Post Placement Optimization and Clean-Up

Phase 4.1 Post Commit Optimization
INFO: [Timing 38-35] Done setting XDC timing constraints.

Phase 4.1.1 Post Placement Optimization
Post Placement Optimization Initialization | Checksum: 1879a65eb

Phase 4.1.1.1 BUFG Insertion

Starting Physical Synthesis Task

Phase 1 Physical Synthesis Initialization
INFO: [Physopt 32-721] Multithreading enabled for phys_opt_design using a maximum of 2 CPUs
INFO: [Physopt 32-619] Estimated Timing Summary | WNS=-0.410 | TNS=-1.024 |
Phase 1 Physical Synthesis Initialization | Checksum: 1bb08dd61

Time (s): cpu = 00:00:01 ; elapsed = 00:00:00.034 . Memory (MB): peak = 1672.602 ; gain = 0.000
INFO: [Place 46-56] BUFG insertion identified 0 candidate nets. Inserted BUFG: 0, Replicated BUFG Driver: 0, Skipped due to Placement/Routing Conflicts: 0, Skipped due to Timing Degradation: 0, Skipped due to Illegal Netlist: 0.
Ending Physical Synthesis Task | Checksum: 234e9b982

Time (s): cpu = 00:00:01 ; elapsed = 00:00:00.037 . Memory (MB): peak = 1672.602 ; gain = 0.000
Phase 4.1.1.1 BUFG Insertion | Checksum: 1879a65eb

Time (s): cpu = 00:00:11 ; elapsed = 00:00:06 . Memory (MB): peak = 1672.602 ; gain = 0.000

Phase 4.1.1.2 Post Placement Timing Optimization
INFO: [Place 30-746] Post Placement Timing Summary WNS=0.424. For the most accurate timing information please run report_timing.
Phase 4.1.1.2 Post Placement Timing Optimization | Checksum: 105deb63c

Time (s): cpu = 00:00:17 ; elapsed = 00:00:13 . Memory (MB): peak = 1672.602 ; gain = 0.000

Time (s): cpu = 00:00:17 ; elapsed = 00:00:13 . Memory (MB): peak = 1672.602 ; gain = 0.000
Phase 4.1 Post Commit Optimization | Checksum: 105deb63c

Time (s): cpu = 00:00:17 ; elapsed = 00:00:13 . Memory (MB): peak = 1672.602 ; gain = 0.000

Phase 4.2 Post Placement Cleanup
Phase 4.2 Post Placement Cleanup | Checksum: 105deb63c

Time (s): cpu = 00:00:17 ; elapsed = 00:00:13 . Memory (MB): peak = 1672.602 ; gain = 0.000

Phase 4.3 Placer Reporting

Phase 4.3.1 Print Estimated Congestion
INFO: [Place 30-612] Post-Placement Estimated Congestion 
 ____________________________________________________
|           | Global Congestion | Short Congestion  |
| Direction | Region Size       | Region Size       |
|___________|___________________|___________________|
|      North|                1x1|                1x1|
|___________|___________________|___________________|
|      South|                1x1|                1x1|
|___________|___________________|___________________|
|       East|                1x1|                1x1|
|___________|___________________|___________________|
|       West|                1x1|                1x1|
|___________|___________________|___________________|

Phase 4.3.1 Print Estimated Congestion | Checksum: 105deb63c

Time (s): cpu = 00:00:17 ; elapsed = 00:00:13 . Memory (MB): peak = 1672.602 ; gain = 0.000
Phase 4.3 Placer Reporting | Checksum: 105deb63c

Time (s): cpu = 00:00:17 ; elapsed = 00:00:13 . Memory (MB): peak = 1672.602 ; gain = 0.000

Phase 4.4 Final Placement Cleanup
Netlist sorting complete. Time (s): cpu = 00:00:00 ; elapsed = 00:00:00.001 . Memory (MB): peak = 1672.602 ; gain = 0.000

Time (s): cpu = 00:00:17 ; elapsed = 00:00:13 . Memory (MB): peak = 1672.602 ; gain = 0.000
Phase 4 Post Placement Optimization and Clean-Up | Checksum: 7a03d19b

Time (s): cpu = 00:00:17 ; elapsed = 00:00:13 . Memory (MB): peak = 1672.602 ; gain = 0.000
Ending Placer Task | Checksum: 5848da25

Time (s): cpu = 00:00:17 ; elapsed = 00:00:13 . Memory (MB): peak = 1672.602 ; gain = 0.000
INFO: [Common 17-83] Releasing license: Implementation
66 Infos, 0 Warnings, 0 Critical Warnings and 0 Errors encountered.
place_design completed successfully
place_design: Time (s): cpu = 00:00:20 ; elapsed = 00:00:15 . Memory (MB): peak = 1672.602 ; gain = 0.996
INFO: [Timing 38-480] Writing timing data to binary archive.
Writing placer database...
Writing XDEF routing.
Writing XDEF routing logical nets.
Writing XDEF routing special nets.
Write XDEF Complete: Time (s): cpu = 00:00:00 ; elapsed = 00:00:00.165 . Memory (MB): peak = 1672.602 ; gain = 0.000
INFO: [Common 17-1381] The checkpoint 'C:/Users/cassi/Workspace/repostorage/toying_with_fpga/Game3/work/vivado/Game3/Game3.runs/impl_1/au_top_0_placed.dcp' has been generated.
INFO: [runtcl-4] Executing : report_io -file au_top_0_io_placed.rpt
report_io: Time (s): cpu = 00:00:00 ; elapsed = 00:00:00.116 . Memory (MB): peak = 1672.602 ; gain = 0.000
INFO: [runtcl-4] Executing : report_utilization -file au_top_0_utilization_placed.rpt -pb au_top_0_utilization_placed.pb
INFO: [runtcl-4] Executing : report_control_sets -verbose -file au_top_0_control_sets_placed.rpt
report_control_sets: Time (s): cpu = 00:00:00 ; elapsed = 00:00:00.004 . Memory (MB): peak = 1672.602 ; gain = 0.000
Command: phys_opt_design
Attempting to get a license for feature 'Implementation' and/or device 'xc7a35t'
INFO: [Common 17-349] Got license for feature 'Implementation' and/or device 'xc7a35t'
INFO: [Vivado_Tcl 4-383] Design worst setup slack (WNS) is greater than or equal to 0.000 ns. Skipping all physical synthesis optimizations.
INFO: [Vivado_Tcl 4-232] No setup violation found. The netlist was not modified.
INFO: [Common 17-83] Releasing license: Implementation
75 Infos, 0 Warnings, 0 Critical Warnings and 0 Errors encountered.
phys_opt_design completed successfully
INFO: [Timing 38-480] Writing timing data to binary archive.
Writing placer database...
Writing XDEF routing.
Writing XDEF routing logical nets.
Writing XDEF routing special nets.
Write XDEF Complete: Time (s): cpu = 00:00:00 ; elapsed = 00:00:00.121 . Memory (MB): peak = 1672.602 ; gain = 0.000
INFO: [Common 17-1381] The checkpoint 'C:/Users/cassi/Workspace/repostorage/toying_with_fpga/Game3/work/vivado/Game3/Game3.runs/impl_1/au_top_0_physopt.dcp' has been generated.
Command: route_design
Attempting to get a license for feature 'Implementation' and/or device 'xc7a35t'
INFO: [Common 17-349] Got license for feature 'Implementation' and/or device 'xc7a35t'
Running DRC as a precondition to command route_design
INFO: [DRC 23-27] Running DRC with 2 threads
INFO: [Vivado_Tcl 4-198] DRC finished with 0 Errors
INFO: [Vivado_Tcl 4-199] Please refer to the DRC report (report_drc) for more information.


Starting Routing Task
INFO: [Route 35-254] Multithreading enabled for route_design using a maximum of 2 CPUs

Phase 1 Build RT Design
Checksum: PlaceDB: 1743b32e ConstDB: 0 ShapeSum: 410526f7 RouteDB: 0
Post Restoration Checksum: NetGraph: 926ee5cf NumContArr: 2531d68a Constraints: 0 Timing: 0
Phase 1 Build RT Design | Checksum: b7a0bc59

Time (s): cpu = 00:00:34 ; elapsed = 00:00:31 . Memory (MB): peak = 1748.480 ; gain = 67.801

Phase 2 Router Initialization

Phase 2.1 Create Timer
Phase 2.1 Create Timer | Checksum: b7a0bc59

Time (s): cpu = 00:00:34 ; elapsed = 00:00:31 . Memory (MB): peak = 1748.480 ; gain = 67.801

Phase 2.2 Fix Topology Constraints
Phase 2.2 Fix Topology Constraints | Checksum: b7a0bc59

Time (s): cpu = 00:00:34 ; elapsed = 00:00:31 . Memory (MB): peak = 1754.527 ; gain = 73.848

Phase 2.3 Pre Route Cleanup
Phase 2.3 Pre Route Cleanup | Checksum: b7a0bc59

Time (s): cpu = 00:00:34 ; elapsed = 00:00:31 . Memory (MB): peak = 1754.527 ; gain = 73.848
 Number of Nodes with overlaps = 0

Phase 2.4 Update Timing
Phase 2.4 Update Timing | Checksum: 14d818571

Time (s): cpu = 00:00:34 ; elapsed = 00:00:32 . Memory (MB): peak = 1760.418 ; gain = 79.738
INFO: [Route 35-416] Intermediate Timing Summary | WNS=0.479  | TNS=0.000  | WHS=-0.117 | THS=-6.006 |


Router Utilization Summary
  Global Vertical Routing Utilization    = 0 %
  Global Horizontal Routing Utilization  = 0 %
  Routable Net Status*
  *Does not include unroutable nets such as driverless and loadless.
  Run report_route_status for detailed report.
  Number of Failed Nets               = 528
    (Failed Nets is the sum of unrouted and partially routed nets)
  Number of Unrouted Nets             = 528
  Number of Partially Routed Nets     = 0
  Number of Node Overlaps             = 0

Phase 2 Router Initialization | Checksum: 13b9ea48c

Time (s): cpu = 00:00:35 ; elapsed = 00:00:32 . Memory (MB): peak = 1764.641 ; gain = 83.961

Phase 3 Initial Routing

Phase 3.1 Global Routing
Phase 3.1 Global Routing | Checksum: 13b9ea48c

Time (s): cpu = 00:00:35 ; elapsed = 00:00:32 . Memory (MB): peak = 1764.641 ; gain = 83.961
Phase 3 Initial Routing | Checksum: fa60bb5d

Time (s): cpu = 00:00:35 ; elapsed = 00:00:32 . Memory (MB): peak = 1764.641 ; gain = 83.961

Phase 4 Rip-up And Reroute

Phase 4.1 Global Iteration 0
 Number of Nodes with overlaps = 134
 Number of Nodes with overlaps = 77
 Number of Nodes with overlaps = 43
 Number of Nodes with overlaps = 34
 Number of Nodes with overlaps = 21
 Number of Nodes with overlaps = 16
 Number of Nodes with overlaps = 8
 Number of Nodes with overlaps = 5
 Number of Nodes with overlaps = 5
 Number of Nodes with overlaps = 3
 Number of Nodes with overlaps = 1
 Number of Nodes with overlaps = 0
INFO: [Route 35-416] Intermediate Timing Summary | WNS=0.439  | TNS=0.000  | WHS=N/A    | THS=N/A    |

Phase 4.1 Global Iteration 0 | Checksum: 205d0b07e

Time (s): cpu = 00:00:39 ; elapsed = 00:00:35 . Memory (MB): peak = 1764.641 ; gain = 83.961
Phase 4 Rip-up And Reroute | Checksum: 205d0b07e

Time (s): cpu = 00:00:39 ; elapsed = 00:00:35 . Memory (MB): peak = 1764.641 ; gain = 83.961

Phase 5 Delay and Skew Optimization

Phase 5.1 Delay CleanUp
Phase 5.1 Delay CleanUp | Checksum: 205d0b07e

Time (s): cpu = 00:00:39 ; elapsed = 00:00:35 . Memory (MB): peak = 1764.641 ; gain = 83.961

Phase 5.2 Clock Skew Optimization
Phase 5.2 Clock Skew Optimization | Checksum: 205d0b07e

Time (s): cpu = 00:00:39 ; elapsed = 00:00:35 . Memory (MB): peak = 1764.641 ; gain = 83.961
Phase 5 Delay and Skew Optimization | Checksum: 205d0b07e

Time (s): cpu = 00:00:39 ; elapsed = 00:00:35 . Memory (MB): peak = 1764.641 ; gain = 83.961

Phase 6 Post Hold Fix

Phase 6.1 Hold Fix Iter

Phase 6.1.1 Update Timing
Phase 6.1.1 Update Timing | Checksum: 1d95e5611

Time (s): cpu = 00:00:39 ; elapsed = 00:00:35 . Memory (MB): peak = 1764.641 ; gain = 83.961
INFO: [Route 35-416] Intermediate Timing Summary | WNS=0.519  | TNS=0.000  | WHS=0.151  | THS=0.000  |

Phase 6.1 Hold Fix Iter | Checksum: 1d95e5611

Time (s): cpu = 00:00:39 ; elapsed = 00:00:35 . Memory (MB): peak = 1764.641 ; gain = 83.961
Phase 6 Post Hold Fix | Checksum: 1d95e5611

Time (s): cpu = 00:00:39 ; elapsed = 00:00:35 . Memory (MB): peak = 1764.641 ; gain = 83.961

Phase 7 Route finalize

Router Utilization Summary
  Global Vertical Routing Utilization    = 0.147253 %
  Global Horizontal Routing Utilization  = 0.170224 %
  Routable Net Status*
  *Does not include unroutable nets such as driverless and loadless.
  Run report_route_status for detailed report.
  Number of Failed Nets               = 0
    (Failed Nets is the sum of unrouted and partially routed nets)
  Number of Unrouted Nets             = 0
  Number of Partially Routed Nets     = 0
  Number of Node Overlaps             = 0

Phase 7 Route finalize | Checksum: 263d0c52a

Time (s): cpu = 00:00:39 ; elapsed = 00:00:35 . Memory (MB): peak = 1764.641 ; gain = 83.961

Phase 8 Verifying routed nets

 Verification completed successfully
Phase 8 Verifying routed nets | Checksum: 263d0c52a

Time (s): cpu = 00:00:39 ; elapsed = 00:00:35 . Memory (MB): peak = 1765.352 ; gain = 84.672

Phase 9 Depositing Routes
Phase 9 Depositing Routes | Checksum: 236b7bba1

Time (s): cpu = 00:00:39 ; elapsed = 00:00:35 . Memory (MB): peak = 1765.352 ; gain = 84.672

Phase 10 Post Router Timing
INFO: [Route 35-57] Estimated Timing Summary | WNS=0.519  | TNS=0.000  | WHS=0.151  | THS=0.000  |

INFO: [Route 35-327] The final timing numbers are based on the router estimated timing analysis. For a complete and accurate timing signoff, please run report_timing_summary.
Phase 10 Post Router Timing | Checksum: 236b7bba1

Time (s): cpu = 00:00:39 ; elapsed = 00:00:35 . Memory (MB): peak = 1765.352 ; gain = 84.672
INFO: [Route 35-16] Router Completed Successfully

Time (s): cpu = 00:00:39 ; elapsed = 00:00:35 . Memory (MB): peak = 1765.352 ; gain = 84.672

Routing Is Done.
INFO: [Common 17-83] Releasing license: Implementation
89 Infos, 0 Warnings, 0 Critical Warnings and 0 Errors encountered.
route_design completed successfully
route_design: Time (s): cpu = 00:00:41 ; elapsed = 00:00:37 . Memory (MB): peak = 1765.352 ; gain = 92.750
INFO: [Timing 38-480] Writing timing data to binary archive.
Writing placer database...
Writing XDEF routing.
Writing XDEF routing logical nets.
Writing XDEF routing special nets.
Write XDEF Complete: Time (s): cpu = 00:00:01 ; elapsed = 00:00:00.201 . Memory (MB): peak = 1775.152 ; gain = 9.801
INFO: [Common 17-1381] The checkpoint 'C:/Users/cassi/Workspace/repostorage/toying_with_fpga/Game3/work/vivado/Game3/Game3.runs/impl_1/au_top_0_routed.dcp' has been generated.
INFO: [runtcl-4] Executing : report_drc -file au_top_0_drc_routed.rpt -pb au_top_0_drc_routed.pb -rpx au_top_0_drc_routed.rpx
Command: report_drc -file au_top_0_drc_routed.rpt -pb au_top_0_drc_routed.pb -rpx au_top_0_drc_routed.rpx
INFO: [IP_Flow 19-1839] IP Catalog is up to date.
INFO: [DRC 23-27] Running DRC with 2 threads
INFO: [Vivado_Tcl 2-168] The results of DRC are in file C:/Users/cassi/Workspace/repostorage/toying_with_fpga/Game3/work/vivado/Game3/Game3.runs/impl_1/au_top_0_drc_routed.rpt.
report_drc completed successfully
INFO: [runtcl-4] Executing : report_methodology -file au_top_0_methodology_drc_routed.rpt -pb au_top_0_methodology_drc_routed.pb -rpx au_top_0_methodology_drc_routed.rpx
Command: report_methodology -file au_top_0_methodology_drc_routed.rpt -pb au_top_0_methodology_drc_routed.pb -rpx au_top_0_methodology_drc_routed.rpx
INFO: [Timing 38-35] Done setting XDC timing constraints.
INFO: [DRC 23-133] Running Methodology with 2 threads
INFO: [Vivado_Tcl 2-1520] The results of Report Methodology are in file C:/Users/cassi/Workspace/repostorage/toying_with_fpga/Game3/work/vivado/Game3/Game3.runs/impl_1/au_top_0_methodology_drc_routed.rpt.
report_methodology completed successfully
INFO: [runtcl-4] Executing : report_power -file au_top_0_power_routed.rpt -pb au_top_0_power_summary_routed.pb -rpx au_top_0_power_routed.rpx
Command: report_power -file au_top_0_power_routed.rpt -pb au_top_0_power_summary_routed.pb -rpx au_top_0_power_routed.rpx
INFO: [Timing 38-35] Done setting XDC timing constraints.
Running Vector-less Activity Propagation...

Finished Running Vector-less Activity Propagation
101 Infos, 0 Warnings, 0 Critical Warnings and 0 Errors encountered.
report_power completed successfully
INFO: [runtcl-4] Executing : report_route_status -file au_top_0_route_status.rpt -pb au_top_0_route_status.pb
INFO: [runtcl-4] Executing : report_timing_summary -max_paths 10 -report_unconstrained -file au_top_0_timing_summary_routed.rpt -pb au_top_0_timing_summary_routed.pb -rpx au_top_0_timing_summary_routed.rpx -warn_on_violation 
INFO: [Timing 38-91] UpdateTimingParams: Speed grade: -1, Delay Type: min_max.
INFO: [Timing 38-191] Multithreading enabled for timing update using a maximum of 2 CPUs
INFO: [runtcl-4] Executing : report_incremental_reuse -file au_top_0_incremental_reuse_routed.rpt
INFO: [Vivado_Tcl 4-1062] Incremental flow is disabled. No incremental reuse Info to report.
INFO: [runtcl-4] Executing : report_clock_utilization -file au_top_0_clock_utilization_routed.rpt
INFO: [runtcl-4] Executing : report_bus_skew -warn_on_violation -file au_top_0_bus_skew_routed.rpt -pb au_top_0_bus_skew_routed.pb -rpx au_top_0_bus_skew_routed.rpx
INFO: [Timing 38-91] UpdateTimingParams: Speed grade: -1, Delay Type: min_max.
INFO: [Timing 38-191] Multithreading enabled for timing update using a maximum of 2 CPUs
Command: write_bitstream -force au_top_0.bit -bin_file
Attempting to get a license for feature 'Implementation' and/or device 'xc7a35t'
INFO: [Common 17-349] Got license for feature 'Implementation' and/or device 'xc7a35t'
Running DRC as a precondition to command write_bitstream
INFO: [IP_Flow 19-1839] IP Catalog is up to date.
INFO: [DRC 23-27] Running DRC with 2 threads
WARNING: [DRC DPIP-1] Input pipelining: DSP game/alu/adder/s0 input game/alu/adder/s0/A[29:0] is not pipelined. Pipelining DSP48 input will improve performance.
WARNING: [DRC DPIP-1] Input pipelining: DSP game/alu/adder/s0 input game/alu/adder/s0/B[17:0] is not pipelined. Pipelining DSP48 input will improve performance.
WARNING: [DRC DPIP-1] Input pipelining: DSP game/alu2/adder/s0 input game/alu2/adder/s0/A[29:0] is not pipelined. Pipelining DSP48 input will improve performance.
WARNING: [DRC DPOP-1] PREG Output pipelining: DSP game/alu/adder/s0 output game/alu/adder/s0/P[47:0] is not pipelined (PREG=0). Pipelining the DSP48 output will improve performance and often saves power so it is suggested whenever possible to fully pipeline this function.  If this DSP48 function was inferred, it is suggested to describe an additional register stage after this function.  If the DSP48 was instantiated in the design, it is suggested to set the PREG attribute to 1.
WARNING: [DRC DPOP-1] PREG Output pipelining: DSP game/alu2/adder/s0 output game/alu2/adder/s0/P[47:0] is not pipelined (PREG=0). Pipelining the DSP48 output will improve performance and often saves power so it is suggested whenever possible to fully pipeline this function.  If this DSP48 function was inferred, it is suggested to describe an additional register stage after this function.  If the DSP48 was instantiated in the design, it is suggested to set the PREG attribute to 1.
WARNING: [DRC DPOP-2] MREG Output pipelining: DSP game/alu/adder/s0 multiplier stage game/alu/adder/s0/P[47:0] is not pipelined (MREG=0). Pipelining the multiplier function will improve performance and will save significant power so it is suggested whenever possible to fully pipeline this function.  If this multiplier was inferred, it is suggested to describe an additional register stage after this function.  If there is no registered adder/accumulator following the multiply function, two pipeline stages are suggested to allow both the MREG and PREG registers to be used.  If the DSP48 was instantiated in the design, it is suggested to set both the MREG and PREG attributes to 1 when performing multiply functions.
WARNING: [DRC DPOP-2] MREG Output pipelining: DSP game/alu2/adder/s0 multiplier stage game/alu2/adder/s0/P[47:0] is not pipelined (MREG=0). Pipelining the multiplier function will improve performance and will save significant power so it is suggested whenever possible to fully pipeline this function.  If this multiplier was inferred, it is suggested to describe an additional register stage after this function.  If there is no registered adder/accumulator following the multiply function, two pipeline stages are suggested to allow both the MREG and PREG registers to be used.  If the DSP48 was instantiated in the design, it is suggested to set both the MREG and PREG attributes to 1 when performing multiply functions.
INFO: [Vivado 12-3199] DRC finished with 0 Errors, 7 Warnings
INFO: [Vivado 12-3200] Please refer to the DRC report (report_drc) for more information.
INFO: [Designutils 20-2272] Running write_bitstream with 2 threads.
Loading data files...
Loading site data...
Loading route data...
Processing options...
Creating bitmap...
Creating bitstream...
Bitstream compression saved 14146752 bits.
Writing bitstream ./au_top_0.bit...
Writing bitstream ./au_top_0.bin...
INFO: [Vivado 12-1842] Bitgen Completed Successfully.
INFO: [Project 1-1876] WebTalk data collection is mandatory when using a ULT device. To see the specific WebTalk data collected for your design, open the usage_statistics_webtalk.html or usage_statistics_webtalk.xml file in the implementation directory.
INFO: [Common 17-83] Releasing license: Implementation
12 Infos, 7 Warnings, 0 Critical Warnings and 0 Errors encountered.
write_bitstream completed successfully
write_bitstream: Time (s): cpu = 00:00:18 ; elapsed = 00:00:15 . Memory (MB): peak = 2230.539 ; gain = 424.375
INFO: [Common 17-206] Exiting Vivado at Fri Apr 15 20:12:17 2022...
[Fri Apr 15 20:12:22 2022] impl_1 finished
wait_on_runs: Time (s): cpu = 00:00:00 ; elapsed = 00:02:06 . Memory (MB): peak = 1243.773 ; gain = 0.000
INFO: [Common 17-206] Exiting Vivado at Fri Apr 15 20:12:22 2022...
Vivado exited.

Finished building project.
