Warnings in file C:\Users\cassi\Workspace\repostorage\toying_with_fpga\LearningFPGA\source\au_top.luc:
    Line 10, Column 4 : "io_button" was never used
Starting Vivado...

****** Vivado v2021.2.1 (64-bit)
  **** SW Build 3414424 on Sun Dec 19 10:57:22 MST 2021
  **** IP Build 3405791 on Sun Dec 19 15:54:35 MST 2021
    ** Copyright 1986-2021 Xilinx, Inc. All Rights Reserved.

source {C:\Users\cassi\Workspace\repostorage\toying_with_fpga\LearningFPGA\work\project.tcl}
# set projDir "C:/Users/cassi/Workspace/repostorage/toying_with_fpga/LearningFPGA/work/vivado"
# set projName "LearningFPGA"
# set topName top
# set device xc7a35tftg256-1
# if {[file exists "$projDir/$projName"]} { file delete -force "$projDir/$projName" }
# create_project $projName "$projDir/$projName" -part $device
INFO: [ProjectBase 1-489] The host OS only allows 260 characters in a normal path. The project is stored in a path with more than 80 characters. If you experience issues with IP, Block Designs, or files not being found, please consider moving the project to a location with a shorter path. Alternately consider using the OS subst command to map part of the path to a drive letter.
Current project path is 'C:/Users/cassi/Workspace/repostorage/toying_with_fpga/LearningFPGA/work/vivado/LearningFPGA'
create_project: Time (s): cpu = 00:00:13 ; elapsed = 00:00:23 . Memory (MB): peak = 1234.383 ; gain = 0.000
# set_property design_mode RTL [get_filesets sources_1]
# set verilogSources [list "C:/Users/cassi/Workspace/repostorage/toying_with_fpga/LearningFPGA/work/verilog/au_top_0.v" "C:/Users/cassi/Workspace/repostorage/toying_with_fpga/LearningFPGA/work/verilog/full_adder_1.v" "C:/Users/cassi/Workspace/repostorage/toying_with_fpga/LearningFPGA/work/verilog/reset_conditioner_2.v" ]
# import_files -fileset [get_filesets sources_1] -force -norecurse $verilogSources
# set xdcSources [list "C:/Users/cassi/Downloads/Apps/library/components/au.xdc" "C:/Users/cassi/Workspace/repostorage/toying_with_fpga/LearningFPGA/work/constraint/io.xdc" "C:/Users/cassi/Workspace/repostorage/toying_with_fpga/LearningFPGA/work/constraint/alchitry.xdc" ]
# read_xdc $xdcSources
# set_property STEPS.WRITE_BITSTREAM.ARGS.BIN_FILE true [get_runs impl_1]
# update_compile_order -fileset sources_1
# launch_runs -runs synth_1 -jobs 8
WARNING: [Vivado 12-7122] Auto Incremental Compile:: No reference checkpoint was found in run synth_1. Auto-incremental flow will not be run, the standard flow will be run instead.

[Fri Feb 25 12:23:34 2022] Launched synth_1...
Run output will be captured here: C:/Users/cassi/Workspace/repostorage/toying_with_fpga/LearningFPGA/work/vivado/LearningFPGA/LearningFPGA.runs/synth_1/runme.log
# wait_on_run synth_1
[Fri Feb 25 12:23:34 2022] Waiting for synth_1 to finish...

*** Running vivado
    with args -log au_top_0.vds -m64 -product Vivado -mode batch -messageDb vivado.pb -notrace -source au_top_0.tcl



****** Vivado v2021.2.1 (64-bit)
  **** SW Build 3414424 on Sun Dec 19 10:57:22 MST 2021
  **** IP Build 3405791 on Sun Dec 19 15:54:35 MST 2021
    ** Copyright 1986-2021 Xilinx, Inc. All Rights Reserved.

source au_top_0.tcl -notrace
create_project: Time (s): cpu = 00:00:17 ; elapsed = 00:00:14 . Memory (MB): peak = 1244.047 ; gain = 10.293
Command: synth_design -top au_top_0 -part xc7a35tftg256-1
Starting synth_design
Attempting to get a license for feature 'Synthesis' and/or device 'xc7a35t'
INFO: [Common 17-349] Got license for feature 'Synthesis' and/or device 'xc7a35t'
INFO: [Device 21-403] Loading part xc7a35tftg256-1
INFO: [Synth 8-7079] Multithreading enabled for synth_design using a maximum of 2 processes.
INFO: [Synth 8-7078] Launching helper process for spawning children vivado processes
INFO: [Synth 8-7075] Helper process launched with PID 8432
---------------------------------------------------------------------------------
Starting RTL Elaboration : Time (s): cpu = 00:00:19 ; elapsed = 00:00:21 . Memory (MB): peak = 1244.047 ; gain = 0.000
---------------------------------------------------------------------------------
INFO: [Synth 8-6157] synthesizing module 'au_top_0' [C:/Users/cassi/Workspace/repostorage/toying_with_fpga/LearningFPGA/work/vivado/LearningFPGA/LearningFPGA.srcs/sources_1/imports/verilog/au_top_0.v:7]
INFO: [Synth 8-6157] synthesizing module 'full_adder_1' [C:/Users/cassi/Workspace/repostorage/toying_with_fpga/LearningFPGA/work/vivado/LearningFPGA/LearningFPGA.srcs/sources_1/imports/verilog/full_adder_1.v:7]
INFO: [Synth 8-6155] done synthesizing module 'full_adder_1' (1#1) [C:/Users/cassi/Workspace/repostorage/toying_with_fpga/LearningFPGA/work/vivado/LearningFPGA/LearningFPGA.srcs/sources_1/imports/verilog/full_adder_1.v:7]
INFO: [Synth 8-6157] synthesizing module 'reset_conditioner_2' [C:/Users/cassi/Workspace/repostorage/toying_with_fpga/LearningFPGA/work/vivado/LearningFPGA/LearningFPGA.srcs/sources_1/imports/verilog/reset_conditioner_2.v:11]
INFO: [Synth 8-6155] done synthesizing module 'reset_conditioner_2' (2#1) [C:/Users/cassi/Workspace/repostorage/toying_with_fpga/LearningFPGA/work/vivado/LearningFPGA/LearningFPGA.srcs/sources_1/imports/verilog/reset_conditioner_2.v:11]
INFO: [Synth 8-6155] done synthesizing module 'au_top_0' (3#1) [C:/Users/cassi/Workspace/repostorage/toying_with_fpga/LearningFPGA/work/vivado/LearningFPGA/LearningFPGA.srcs/sources_1/imports/verilog/au_top_0.v:7]
WARNING: [Synth 8-3917] design au_top_0 has port led[7] driven by constant 0
WARNING: [Synth 8-3917] design au_top_0 has port led[6] driven by constant 0
WARNING: [Synth 8-3917] design au_top_0 has port led[5] driven by constant 0
WARNING: [Synth 8-3917] design au_top_0 has port led[4] driven by constant 0
WARNING: [Synth 8-3917] design au_top_0 has port led[3] driven by constant 0
WARNING: [Synth 8-3917] design au_top_0 has port led[2] driven by constant 0
WARNING: [Synth 8-3917] design au_top_0 has port led[1] driven by constant 0
WARNING: [Synth 8-3917] design au_top_0 has port led[0] driven by constant 0
WARNING: [Synth 8-3917] design au_top_0 has port io_led[23] driven by constant 0
WARNING: [Synth 8-3917] design au_top_0 has port io_led[22] driven by constant 0
WARNING: [Synth 8-3917] design au_top_0 has port io_led[21] driven by constant 0
WARNING: [Synth 8-3917] design au_top_0 has port io_led[20] driven by constant 0
WARNING: [Synth 8-3917] design au_top_0 has port io_led[19] driven by constant 0
WARNING: [Synth 8-3917] design au_top_0 has port io_led[18] driven by constant 0
WARNING: [Synth 8-3917] design au_top_0 has port io_led[15] driven by constant 0
WARNING: [Synth 8-3917] design au_top_0 has port io_led[14] driven by constant 0
WARNING: [Synth 8-3917] design au_top_0 has port io_led[13] driven by constant 0
WARNING: [Synth 8-3917] design au_top_0 has port io_led[12] driven by constant 0
WARNING: [Synth 8-3917] design au_top_0 has port io_led[11] driven by constant 0
WARNING: [Synth 8-3917] design au_top_0 has port io_led[10] driven by constant 0
WARNING: [Synth 8-3917] design au_top_0 has port io_led[9] driven by constant 0
WARNING: [Synth 8-3917] design au_top_0 has port io_led[8] driven by constant 0
WARNING: [Synth 8-3917] design au_top_0 has port io_led[7] driven by constant 0
WARNING: [Synth 8-3917] design au_top_0 has port io_led[6] driven by constant 0
WARNING: [Synth 8-3917] design au_top_0 has port io_led[5] driven by constant 0
WARNING: [Synth 8-3917] design au_top_0 has port io_led[4] driven by constant 0
WARNING: [Synth 8-3917] design au_top_0 has port io_led[3] driven by constant 0
WARNING: [Synth 8-3917] design au_top_0 has port io_led[2] driven by constant 0
WARNING: [Synth 8-3917] design au_top_0 has port io_led[1] driven by constant 0
WARNING: [Synth 8-3917] design au_top_0 has port io_led[0] driven by constant 0
WARNING: [Synth 8-3917] design au_top_0 has port io_seg[7] driven by constant 1
WARNING: [Synth 8-3917] design au_top_0 has port io_seg[6] driven by constant 1
WARNING: [Synth 8-3917] design au_top_0 has port io_seg[5] driven by constant 1
WARNING: [Synth 8-3917] design au_top_0 has port io_seg[4] driven by constant 1
WARNING: [Synth 8-3917] design au_top_0 has port io_seg[3] driven by constant 1
WARNING: [Synth 8-3917] design au_top_0 has port io_seg[2] driven by constant 1
WARNING: [Synth 8-3917] design au_top_0 has port io_seg[1] driven by constant 1
WARNING: [Synth 8-3917] design au_top_0 has port io_seg[0] driven by constant 1
WARNING: [Synth 8-3917] design au_top_0 has port io_sel[3] driven by constant 1
WARNING: [Synth 8-3917] design au_top_0 has port io_sel[2] driven by constant 1
WARNING: [Synth 8-3917] design au_top_0 has port io_sel[1] driven by constant 1
WARNING: [Synth 8-3917] design au_top_0 has port io_sel[0] driven by constant 1
WARNING: [Synth 8-7129] Port io_button[4] in module au_top_0 is either unconnected or has no load
WARNING: [Synth 8-7129] Port io_button[3] in module au_top_0 is either unconnected or has no load
WARNING: [Synth 8-7129] Port io_button[2] in module au_top_0 is either unconnected or has no load
WARNING: [Synth 8-7129] Port io_button[1] in module au_top_0 is either unconnected or has no load
WARNING: [Synth 8-7129] Port io_button[0] in module au_top_0 is either unconnected or has no load
WARNING: [Synth 8-7129] Port io_dip[23] in module au_top_0 is either unconnected or has no load
WARNING: [Synth 8-7129] Port io_dip[22] in module au_top_0 is either unconnected or has no load
WARNING: [Synth 8-7129] Port io_dip[21] in module au_top_0 is either unconnected or has no load
WARNING: [Synth 8-7129] Port io_dip[20] in module au_top_0 is either unconnected or has no load
WARNING: [Synth 8-7129] Port io_dip[19] in module au_top_0 is either unconnected or has no load
WARNING: [Synth 8-7129] Port io_dip[18] in module au_top_0 is either unconnected or has no load
WARNING: [Synth 8-7129] Port io_dip[17] in module au_top_0 is either unconnected or has no load
WARNING: [Synth 8-7129] Port io_dip[16] in module au_top_0 is either unconnected or has no load
WARNING: [Synth 8-7129] Port io_dip[15] in module au_top_0 is either unconnected or has no load
WARNING: [Synth 8-7129] Port io_dip[14] in module au_top_0 is either unconnected or has no load
WARNING: [Synth 8-7129] Port io_dip[13] in module au_top_0 is either unconnected or has no load
WARNING: [Synth 8-7129] Port io_dip[12] in module au_top_0 is either unconnected or has no load
WARNING: [Synth 8-7129] Port io_dip[11] in module au_top_0 is either unconnected or has no load
WARNING: [Synth 8-7129] Port io_dip[10] in module au_top_0 is either unconnected or has no load
WARNING: [Synth 8-7129] Port io_dip[9] in module au_top_0 is either unconnected or has no load
WARNING: [Synth 8-7129] Port io_dip[8] in module au_top_0 is either unconnected or has no load
WARNING: [Synth 8-7129] Port io_dip[7] in module au_top_0 is either unconnected or has no load
WARNING: [Synth 8-7129] Port io_dip[6] in module au_top_0 is either unconnected or has no load
WARNING: [Synth 8-7129] Port io_dip[5] in module au_top_0 is either unconnected or has no load
WARNING: [Synth 8-7129] Port io_dip[4] in module au_top_0 is either unconnected or has no load
WARNING: [Synth 8-7129] Port io_dip[3] in module au_top_0 is either unconnected or has no load
---------------------------------------------------------------------------------
Finished RTL Elaboration : Time (s): cpu = 00:00:23 ; elapsed = 00:00:27 . Memory (MB): peak = 1244.047 ; gain = 0.000
---------------------------------------------------------------------------------
---------------------------------------------------------------------------------
Start Handling Custom Attributes
---------------------------------------------------------------------------------
---------------------------------------------------------------------------------
Finished Handling Custom Attributes : Time (s): cpu = 00:00:26 ; elapsed = 00:00:30 . Memory (MB): peak = 1244.047 ; gain = 0.000
---------------------------------------------------------------------------------
---------------------------------------------------------------------------------
Finished RTL Optimization Phase 1 : Time (s): cpu = 00:00:26 ; elapsed = 00:00:30 . Memory (MB): peak = 1244.047 ; gain = 0.000
---------------------------------------------------------------------------------
Netlist sorting complete. Time (s): cpu = 00:00:00 ; elapsed = 00:00:00.002 . Memory (MB): peak = 1244.047 ; gain = 0.000
INFO: [Project 1-570] Preparing netlist for logic optimization

Processing XDC Constraints
Initializing timing engine
Parsing XDC File [C:/Users/cassi/Downloads/Apps/library/components/au.xdc]
Finished Parsing XDC File [C:/Users/cassi/Downloads/Apps/library/components/au.xdc]
Parsing XDC File [C:/Users/cassi/Workspace/repostorage/toying_with_fpga/LearningFPGA/work/constraint/io.xdc]
Finished Parsing XDC File [C:/Users/cassi/Workspace/repostorage/toying_with_fpga/LearningFPGA/work/constraint/io.xdc]
INFO: [Project 1-236] Implementation specific constraints were found while reading constraint file [C:/Users/cassi/Workspace/repostorage/toying_with_fpga/LearningFPGA/work/constraint/io.xdc]. These constraints will be ignored for synthesis but will be used in implementation. Impacted constraints are listed in the file [.Xil/au_top_0_propImpl.xdc].
Resolution: To avoid this warning, move constraints listed in [.Xil/au_top_0_propImpl.xdc] to another XDC file and exclude this new file from synthesis with the used_in_synthesis property (File Properties dialog in GUI) and re-run elaboration/synthesis.
Parsing XDC File [C:/Users/cassi/Workspace/repostorage/toying_with_fpga/LearningFPGA/work/constraint/alchitry.xdc]
Finished Parsing XDC File [C:/Users/cassi/Workspace/repostorage/toying_with_fpga/LearningFPGA/work/constraint/alchitry.xdc]
INFO: [Project 1-236] Implementation specific constraints were found while reading constraint file [C:/Users/cassi/Workspace/repostorage/toying_with_fpga/LearningFPGA/work/constraint/alchitry.xdc]. These constraints will be ignored for synthesis but will be used in implementation. Impacted constraints are listed in the file [.Xil/au_top_0_propImpl.xdc].
Resolution: To avoid this warning, move constraints listed in [.Xil/au_top_0_propImpl.xdc] to another XDC file and exclude this new file from synthesis with the used_in_synthesis property (File Properties dialog in GUI) and re-run elaboration/synthesis.
Completed Processing XDC Constraints

Netlist sorting complete. Time (s): cpu = 00:00:00 ; elapsed = 00:00:00.001 . Memory (MB): peak = 1244.047 ; gain = 0.000
INFO: [Project 1-111] Unisim Transformation Summary:
No Unisim elements were transformed.

Constraint Validation Runtime : Time (s): cpu = 00:00:00 ; elapsed = 00:00:00.014 . Memory (MB): peak = 1244.047 ; gain = 0.000
---------------------------------------------------------------------------------
Finished Constraint Validation : Time (s): cpu = 00:00:55 ; elapsed = 00:01:01 . Memory (MB): peak = 1244.047 ; gain = 0.000
---------------------------------------------------------------------------------
---------------------------------------------------------------------------------
Start Loading Part and Timing Information
---------------------------------------------------------------------------------
Loading part: xc7a35tftg256-1
---------------------------------------------------------------------------------
Finished Loading Part and Timing Information : Time (s): cpu = 00:00:55 ; elapsed = 00:01:01 . Memory (MB): peak = 1244.047 ; gain = 0.000
---------------------------------------------------------------------------------
---------------------------------------------------------------------------------
Start Applying 'set_property' XDC Constraints
---------------------------------------------------------------------------------
---------------------------------------------------------------------------------
Finished applying 'set_property' XDC Constraints : Time (s): cpu = 00:00:55 ; elapsed = 00:01:01 . Memory (MB): peak = 1244.047 ; gain = 0.000
---------------------------------------------------------------------------------
---------------------------------------------------------------------------------
Finished RTL Optimization Phase 2 : Time (s): cpu = 00:00:56 ; elapsed = 00:01:02 . Memory (MB): peak = 1244.047 ; gain = 0.000
---------------------------------------------------------------------------------
---------------------------------------------------------------------------------
Start RTL Component Statistics 
---------------------------------------------------------------------------------
Detailed RTL Component Info : 
+---XORs : 
	   3 Input      1 Bit         XORs := 1     
+---Registers : 
	                4 Bit    Registers := 1     
---------------------------------------------------------------------------------
Finished RTL Component Statistics 
---------------------------------------------------------------------------------
---------------------------------------------------------------------------------
Start Part Resource Summary
---------------------------------------------------------------------------------
Part Resources:
DSPs: 90 (col length:60)
BRAMs: 100 (col length: RAMB18 60 RAMB36 30)
---------------------------------------------------------------------------------
Finished Part Resource Summary
---------------------------------------------------------------------------------
---------------------------------------------------------------------------------
Start Cross Boundary and Area Optimization
---------------------------------------------------------------------------------
WARNING: [Synth 8-7080] Parallel synthesis criteria is not met
WARNING: [Synth 8-3917] design au_top_0 has port led[7] driven by constant 0
WARNING: [Synth 8-3917] design au_top_0 has port led[6] driven by constant 0
WARNING: [Synth 8-3917] design au_top_0 has port led[5] driven by constant 0
WARNING: [Synth 8-3917] design au_top_0 has port led[4] driven by constant 0
WARNING: [Synth 8-3917] design au_top_0 has port led[3] driven by constant 0
WARNING: [Synth 8-3917] design au_top_0 has port led[2] driven by constant 0
WARNING: [Synth 8-3917] design au_top_0 has port led[1] driven by constant 0
WARNING: [Synth 8-3917] design au_top_0 has port led[0] driven by constant 0
WARNING: [Synth 8-3917] design au_top_0 has port io_led[23] driven by constant 0
WARNING: [Synth 8-3917] design au_top_0 has port io_led[22] driven by constant 0
WARNING: [Synth 8-3917] design au_top_0 has port io_led[21] driven by constant 0
WARNING: [Synth 8-3917] design au_top_0 has port io_led[20] driven by constant 0
WARNING: [Synth 8-3917] design au_top_0 has port io_led[19] driven by constant 0
WARNING: [Synth 8-3917] design au_top_0 has port io_led[18] driven by constant 0
WARNING: [Synth 8-3917] design au_top_0 has port io_led[15] driven by constant 0
WARNING: [Synth 8-3917] design au_top_0 has port io_led[14] driven by constant 0
WARNING: [Synth 8-3917] design au_top_0 has port io_led[13] driven by constant 0
WARNING: [Synth 8-3917] design au_top_0 has port io_led[12] driven by constant 0
WARNING: [Synth 8-3917] design au_top_0 has port io_led[11] driven by constant 0
WARNING: [Synth 8-3917] design au_top_0 has port io_led[10] driven by constant 0
WARNING: [Synth 8-3917] design au_top_0 has port io_led[9] driven by constant 0
WARNING: [Synth 8-3917] design au_top_0 has port io_led[8] driven by constant 0
WARNING: [Synth 8-3917] design au_top_0 has port io_led[7] driven by constant 0
WARNING: [Synth 8-3917] design au_top_0 has port io_led[6] driven by constant 0
WARNING: [Synth 8-3917] design au_top_0 has port io_led[5] driven by constant 0
WARNING: [Synth 8-3917] design au_top_0 has port io_led[4] driven by constant 0
WARNING: [Synth 8-3917] design au_top_0 has port io_led[3] driven by constant 0
WARNING: [Synth 8-3917] design au_top_0 has port io_led[2] driven by constant 0
WARNING: [Synth 8-3917] design au_top_0 has port io_led[1] driven by constant 0
WARNING: [Synth 8-3917] design au_top_0 has port io_led[0] driven by constant 0
WARNING: [Synth 8-3917] design au_top_0 has port io_seg[7] driven by constant 1
WARNING: [Synth 8-3917] design au_top_0 has port io_seg[6] driven by constant 1
WARNING: [Synth 8-3917] design au_top_0 has port io_seg[5] driven by constant 1
WARNING: [Synth 8-3917] design au_top_0 has port io_seg[4] driven by constant 1
WARNING: [Synth 8-3917] design au_top_0 has port io_seg[3] driven by constant 1
WARNING: [Synth 8-3917] design au_top_0 has port io_seg[2] driven by constant 1
WARNING: [Synth 8-3917] design au_top_0 has port io_seg[1] driven by constant 1
WARNING: [Synth 8-3917] design au_top_0 has port io_seg[0] driven by constant 1
WARNING: [Synth 8-3917] design au_top_0 has port io_sel[3] driven by constant 1
WARNING: [Synth 8-3917] design au_top_0 has port io_sel[2] driven by constant 1
WARNING: [Synth 8-3917] design au_top_0 has port io_sel[1] driven by constant 1
WARNING: [Synth 8-3917] design au_top_0 has port io_sel[0] driven by constant 1
WARNING: [Synth 8-7129] Port clk in module au_top_0 is either unconnected or has no load
WARNING: [Synth 8-7129] Port rst_n in module au_top_0 is either unconnected or has no load
WARNING: [Synth 8-7129] Port io_button[4] in module au_top_0 is either unconnected or has no load
WARNING: [Synth 8-7129] Port io_button[3] in module au_top_0 is either unconnected or has no load
WARNING: [Synth 8-7129] Port io_button[2] in module au_top_0 is either unconnected or has no load
WARNING: [Synth 8-7129] Port io_button[1] in module au_top_0 is either unconnected or has no load
WARNING: [Synth 8-7129] Port io_button[0] in module au_top_0 is either unconnected or has no load
WARNING: [Synth 8-7129] Port io_dip[23] in module au_top_0 is either unconnected or has no load
WARNING: [Synth 8-7129] Port io_dip[22] in module au_top_0 is either unconnected or has no load
WARNING: [Synth 8-7129] Port io_dip[21] in module au_top_0 is either unconnected or has no load
WARNING: [Synth 8-7129] Port io_dip[20] in module au_top_0 is either unconnected or has no load
WARNING: [Synth 8-7129] Port io_dip[19] in module au_top_0 is either unconnected or has no load
WARNING: [Synth 8-7129] Port io_dip[18] in module au_top_0 is either unconnected or has no load
WARNING: [Synth 8-7129] Port io_dip[17] in module au_top_0 is either unconnected or has no load
WARNING: [Synth 8-7129] Port io_dip[16] in module au_top_0 is either unconnected or has no load
WARNING: [Synth 8-7129] Port io_dip[15] in module au_top_0 is either unconnected or has no load
WARNING: [Synth 8-7129] Port io_dip[14] in module au_top_0 is either unconnected or has no load
WARNING: [Synth 8-7129] Port io_dip[13] in module au_top_0 is either unconnected or has no load
WARNING: [Synth 8-7129] Port io_dip[12] in module au_top_0 is either unconnected or has no load
WARNING: [Synth 8-7129] Port io_dip[11] in module au_top_0 is either unconnected or has no load
WARNING: [Synth 8-7129] Port io_dip[10] in module au_top_0 is either unconnected or has no load
WARNING: [Synth 8-7129] Port io_dip[9] in module au_top_0 is either unconnected or has no load
WARNING: [Synth 8-7129] Port io_dip[8] in module au_top_0 is either unconnected or has no load
WARNING: [Synth 8-7129] Port io_dip[7] in module au_top_0 is either unconnected or has no load
WARNING: [Synth 8-7129] Port io_dip[6] in module au_top_0 is either unconnected or has no load
WARNING: [Synth 8-7129] Port io_dip[5] in module au_top_0 is either unconnected or has no load
WARNING: [Synth 8-7129] Port io_dip[4] in module au_top_0 is either unconnected or has no load
WARNING: [Synth 8-7129] Port io_dip[3] in module au_top_0 is either unconnected or has no load
---------------------------------------------------------------------------------
Finished Cross Boundary and Area Optimization : Time (s): cpu = 00:01:03 ; elapsed = 00:01:09 . Memory (MB): peak = 1244.047 ; gain = 0.000
---------------------------------------------------------------------------------
---------------------------------------------------------------------------------
Start Applying XDC Timing Constraints
---------------------------------------------------------------------------------
-----------------------------------------------------------------------